<?xml version='1.0'?>
<ns2:test-suite xmlns:ns2='urn:model.allure.qatools.yandex.ru' start='1671160891848' stop='1671160896125'>
    <name>Búsqueda</name>
    <title>Búsqueda</title>
    <test-cases>
        <test-case start='1671160891849' status='broken' stop='1671160895146'>
            <name>Debería buscar iPhone</name>
            <title>Debería buscar iPhone</title>
            <labels>
                <label name='language' value='javascript'/>
                <label name='framework' value='wdio'/>
                <label name='thread' value='0-1'/>
            </labels>
            <parameters>
                <parameter kind='argument' name='browser' value='chrome-108.0.5359.125'/>
            </parameters>
            <steps>
                <step start='1671160894960' status='passed' stop='1671160894960'>
                    <name>Buscar artículo: iPhone</name>
                    <title>Buscar artículo: iPhone</title>
                    <attachments/>
                    <steps/>
                </step>
            </steps>
            <attachments>
                <attachment title='Screenshot' source='f5671f69-5d75-4a77-97ea-9dcf1c250f0c-attachment.png' type='image/png' size='320487'/>
            </attachments>
            <failure>
                <message>elemento.waitForClickable is not a function</message>
                <stack-trace>TypeError: elemento.waitForClickable is not a function
                    at HomePage.vaciarCampoYEnviarTexto (D:\WebdriverIO-Curso-Abstracta\pages\/base.page.js:27:20)
                    at HomePage.buscar (D:\WebdriverIO-Curso-Abstracta\pages\/home.page.js:17:17)
                    at processTicksAndRejections (node:internal/process/task_queues:95:5)
                    at Context.&lt;anonymous> (D:\WebdriverIO-Curso-Abstracta\tests\/opencart.test.js:10:8)</stack-trace>
            </failure>
        </test-case>
        <test-case start='1671160895146' status='broken' stop='1671160895629'>
            <name>Debería buscar Canon EOS 5D</name>
            <title>Debería buscar Canon EOS 5D</title>
            <labels>
                <label name='language' value='javascript'/>
                <label name='framework' value='wdio'/>
                <label name='thread' value='0-1'/>
            </labels>
            <parameters>
                <parameter kind='argument' name='browser' value='chrome-108.0.5359.125'/>
            </parameters>
            <steps>
                <step start='1671160895461' status='passed' stop='1671160895461'>
                    <name>Buscar artículo: Canon EOS 5D</name>
                    <title>Buscar artículo: Canon EOS 5D</title>
                    <attachments/>
                    <steps/>
                </step>
            </steps>
            <attachments>
                <attachment title='Screenshot' source='aaf91a0a-afd6-4597-ac18-f2fd66e65914-attachment.png' type='image/png' size='320487'/>
            </attachments>
            <failure>
                <message>elemento.waitForClickable is not a function</message>
                <stack-trace>TypeError: elemento.waitForClickable is not a function
                    at HomePage.vaciarCampoYEnviarTexto (D:\WebdriverIO-Curso-Abstracta\pages\/base.page.js:27:20)
                    at HomePage.buscar (D:\WebdriverIO-Curso-Abstracta\pages\/home.page.js:17:17)
                    at processTicksAndRejections (node:internal/process/task_queues:95:5)
                    at Context.&lt;anonymous> (D:\WebdriverIO-Curso-Abstracta\tests\/opencart.test.js:10:8)</stack-trace>
            </failure>
        </test-case>
        <test-case start='1671160895629' status='broken' stop='1671160896124'>
            <name>Debería buscar MacBook</name>
            <title>Debería buscar MacBook</title>
            <labels>
                <label name='language' value='javascript'/>
                <label name='framework' value='wdio'/>
                <label name='thread' value='0-1'/>
            </labels>
            <parameters>
                <parameter kind='argument' name='browser' value='chrome-108.0.5359.125'/>
            </parameters>
            <steps>
                <step start='1671160895951' status='passed' stop='1671160895951'>
                    <name>Buscar artículo: MacBook</name>
                    <title>Buscar artículo: MacBook</title>
                    <attachments/>
                    <steps/>
                </step>
            </steps>
            <attachments>
                <attachment title='Screenshot' source='ac8eb53f-6ab3-415f-992b-af9a2fed9026-attachment.png' type='image/png' size='320487'/>
            </attachments>
            <failure>
                <message>elemento.waitForClickable is not a function</message>
                <stack-trace>TypeError: elemento.waitForClickable is not a function
                    at HomePage.vaciarCampoYEnviarTexto (D:\WebdriverIO-Curso-Abstracta\pages\/base.page.js:27:20)
                    at HomePage.buscar (D:\WebdriverIO-Curso-Abstracta\pages\/home.page.js:17:17)
                    at processTicksAndRejections (node:internal/process/task_queues:95:5)
                    at Context.&lt;anonymous> (D:\WebdriverIO-Curso-Abstracta\tests\/opencart.test.js:10:8)</stack-trace>
            </failure>
        </test-case>
    </test-cases>
</ns2:test-suite>