<?xml version='1.0'?>
<ns2:test-suite xmlns:ns2='urn:model.allure.qatools.yandex.ru' start='1673549382104' stop='1673549387459'>
    <name>Color</name>
    <title>Color</title>
    <test-cases>
        <test-case start='1673549382105' status='failed' stop='1673549387458'>
            <name>Debería buscar apple cinema, ingresar al artículo y seleccionar un color</name>
            <title>Debería buscar apple cinema, ingresar al artículo y seleccionar un color</title>
            <labels>
                <label name='language' value='javascript'/>
                <label name='framework' value='wdio'/>
                <label name='thread' value='0-3'/>
            </labels>
            <parameters>
                <parameter kind='argument' name='browser' value='chrome-109.0.5414.74'/>
            </parameters>
            <steps>
                <step start='1673549382136' status='passed' stop='1673549382136'>
                    <name>Ingresa al sitio web</name>
                    <title>Ingresa al sitio web</title>
                    <attachments/>
                    <steps/>
                </step>
                <step start='1673549384478' status='passed' stop='1673549384478'>
                    <name>Busca un artículo</name>
                    <title>Busca un artículo</title>
                    <attachments/>
                    <steps/>
                </step>
                <step start='1673549385354' status='passed' stop='1673549385354'>
                    <name>Ingresa al producto buscado</name>
                    <title>Ingresa al producto buscado</title>
                    <attachments/>
                    <steps/>
                </step>
                <step start='1673549387092' status='passed' stop='1673549387092'>
                    <name>Selecciona el color</name>
                    <title>Selecciona el color</title>
                    <attachments/>
                    <steps/>
                </step>
            </steps>
            <attachments>
                <attachment title='Screenshot' source='2c928de3-41d2-458d-a01a-efdc294e179f-attachment.png' type='image/png' size='167456'/>
            </attachments>
            <failure>
                <message>expected '--- Please Select ---' to equal 2      
                      actual expected
                      
                      '--- Please Select ---'2
                      </message>
                <stack-trace>AssertionError: expected '--- Please Select ---' to equal 2
                    at Context.&lt;anonymous> (D:\WebdriverIO-Curso-Abstracta\tests\/seleccionarColor.test.js:21:64)
                    at processTicksAndRejections (node:internal/process/task_queues:95:5)</stack-trace>
            </failure>
        </test-case>
    </test-cases>
</ns2:test-suite>