<?xml version='1.0'?>
<ns2:test-suite xmlns:ns2='urn:model.allure.qatools.yandex.ru' start='1672858209629' stop='1672858214967'>
    <name>Carrito</name>
    <title>Carrito</title>
    <test-cases>
        <test-case start='1672858209630' status='failed' stop='1672858214966'>
            <name>Debería añadir el articulo al carro</name>
            <title>Debería añadir el articulo al carro</title>
            <labels>
                <label name='language' value='javascript'/>
                <label name='framework' value='wdio'/>
                <label name='thread' value='0-0'/>
            </labels>
            <parameters>
                <parameter kind='argument' name='browser' value='chrome-108.0.5359.125'/>
            </parameters>
            <steps>
                <step start='1672858209744' status='passed' stop='1672858209744'>
                    <name>Ingresa al sitio web</name>
                    <title>Ingresa al sitio web</title>
                    <attachments/>
                    <steps/>
                </step>
                <step start='1672858211962' status='passed' stop='1672858211962'>
                    <name>Busca iphone</name>
                    <title>Busca iphone</title>
                    <attachments/>
                    <steps/>
                </step>
                <step start='1672858212925' status='passed' stop='1672858212925'>
                    <name>Ingresa al resultado de la busqueda</name>
                    <title>Ingresa al resultado de la busqueda</title>
                    <attachments/>
                    <steps/>
                </step>
                <step start='1672858214562' status='passed' stop='1672858214562'>
                    <name>Ingresa el producto al carrito</name>
                    <title>Ingresa el producto al carrito</title>
                    <attachments/>
                    <steps/>
                </step>
            </steps>
            <attachments>
                <attachment title='Screenshot' source='870ffa55-7dc8-4ac8-af83-bf797e0fb789-attachment.png' type='image/png' size='176401'/>
            </attachments>
            <failure>
                <message>No se ha ingresado al producto seleccionado: expected false to be true      
                      actual expected
                      
                      falsetrue
                      </message>
                <stack-trace>AssertionError: No se ha ingresado al producto seleccionado: expected false to be true
                    at Context.&lt;anonymous> (D:\WebdriverIO-Curso-Abstracta\tests\/añadirAlCarro.test.js:18:106)
                    at processTicksAndRejections (node:internal/process/task_queues:95:5)</stack-trace>
            </failure>
        </test-case>
    </test-cases>
</ns2:test-suite>