<?xml version='1.0'?>
<ns2:test-suite xmlns:ns2='urn:model.allure.qatools.yandex.ru' start='1673547258181' stop='1673547261514'>
    <name>Color</name>
    <title>Color</title>
    <test-cases>
        <test-case start='1673547258182' status='failed' stop='1673547261513'>
            <name>Debería buscar apple cinema, ingresar al artículo y seleccionar un color</name>
            <title>Debería buscar apple cinema, ingresar al artículo y seleccionar un color</title>
            <labels>
                <label name='language' value='javascript'/>
                <label name='framework' value='wdio'/>
                <label name='thread' value='0-3'/>
            </labels>
            <parameters>
                <parameter kind='argument' name='browser' value='chrome-109.0.5414.74'/>
            </parameters>
            <steps>
                <step start='1673547258212' status='passed' stop='1673547258212'>
                    <name>Ingresa al sitio web</name>
                    <title>Ingresa al sitio web</title>
                    <attachments/>
                    <steps/>
                </step>
                <step start='1673547260418' status='passed' stop='1673547260418'>
                    <name>Busca un artículo</name>
                    <title>Busca un artículo</title>
                    <attachments/>
                    <steps/>
                </step>
            </steps>
            <attachments>
                <attachment title='Screenshot' source='1e32d490-ec33-44f8-a0ae-1621f2beb995-attachment.png' type='image/png' size='125638'/>
            </attachments>
            <failure>
                <message>expected 'Apple Cinema 30"' to equal 'Apple Cinema'      
                      actual expected
                      
                      'Apple Cinema 30"'
                      </message>
                <stack-trace>AssertionError: expected 'Apple Cinema 30"' to equal 'Apple Cinema'
                    at Context.&lt;anonymous> (D:\WebdriverIO-Curso-Abstracta\tests\/seleccionarColor.test.js:15:64)
                    at processTicksAndRejections (node:internal/process/task_queues:95:5)</stack-trace>
            </failure>
        </test-case>
    </test-cases>
</ns2:test-suite>