<?xml version='1.0'?>
<ns2:test-suite xmlns:ns2='urn:model.allure.qatools.yandex.ru' start='1673281204937' stop='1673281210722'>
    <name>Búsqueda de varios articulos: </name>
    <title>Búsqueda de varios articulos: </title>
    <test-cases>
        <test-case start='1673281204938' status='broken' stop='1673281208344'>
            <name>Debería buscar iPhone</name>
            <title>Debería buscar iPhone</title>
            <labels>
                <label name='language' value='javascript'/>
                <label name='framework' value='wdio'/>
                <label name='thread' value='0-1'/>
            </labels>
            <parameters>
                <parameter kind='argument' name='browser' value='chrome-108.0.5359.125'/>
            </parameters>
            <steps>
                <step start='1673281205033' status='passed' stop='1673281205034'>
                    <name>Abre la pagina</name>
                    <title>Abre la pagina</title>
                    <attachments/>
                    <steps/>
                </step>
                <step start='1673281207222' status='passed' stop='1673281207222'>
                    <name>Busca el articulo que le pasamos por parámetro</name>
                    <title>Busca el articulo que le pasamos por parámetro</title>
                    <attachments/>
                    <steps/>
                </step>
                <step start='1673281208125' status='passed' stop='1673281208125'>
                    <name>Se verifica si el articulo encontrado coincide con el que buscamos</name>
                    <title>Se verifica si el articulo encontrado coincide con el que buscamos</title>
                    <attachments/>
                    <steps/>
                </step>
                <step start='1673281208166' status='passed' stop='1673281208166'>
                    <name>Verifica que se esté mostrando para posteriormente volver al home</name>
                    <title>Verifica que se esté mostrando para posteriormente volver al home</title>
                    <attachments/>
                    <steps/>
                </step>
            </steps>
            <attachments>
                <attachment title='Screenshot' source='6e3c4c22-8ce7-44e0-9408-a673207fbcb1-attachment.png' type='image/png' size='113776'/>
            </attachments>
            <failure>
                <message>_home.default.volverHome is not a function</message>
                <stack-trace>TypeError: _home.default.volverHome is not a function
                    at Context.&lt;anonymous> (D:\WebdriverIO-Curso-Abstracta\tests\/buscarArticulos.test.js:16:22)
                    at processTicksAndRejections (node:internal/process/task_queues:95:5)</stack-trace>
            </failure>
        </test-case>
        <test-case start='1673281208344' status='broken' stop='1673281209515'>
            <name>Debería buscar Canon EOS 5D</name>
            <title>Debería buscar Canon EOS 5D</title>
            <labels>
                <label name='language' value='javascript'/>
                <label name='framework' value='wdio'/>
                <label name='thread' value='0-1'/>
            </labels>
            <parameters>
                <parameter kind='argument' name='browser' value='chrome-108.0.5359.125'/>
            </parameters>
            <steps>
                <step start='1673281208344' status='passed' stop='1673281208344'>
                    <name>Abre la pagina</name>
                    <title>Abre la pagina</title>
                    <attachments/>
                    <steps/>
                </step>
                <step start='1673281208684' status='passed' stop='1673281208684'>
                    <name>Busca el articulo que le pasamos por parámetro</name>
                    <title>Busca el articulo que le pasamos por parámetro</title>
                    <attachments/>
                    <steps/>
                </step>
                <step start='1673281209339' status='passed' stop='1673281209339'>
                    <name>Se verifica si el articulo encontrado coincide con el que buscamos</name>
                    <title>Se verifica si el articulo encontrado coincide con el que buscamos</title>
                    <attachments/>
                    <steps/>
                </step>
                <step start='1673281209359' status='passed' stop='1673281209359'>
                    <name>Verifica que se esté mostrando para posteriormente volver al home</name>
                    <title>Verifica que se esté mostrando para posteriormente volver al home</title>
                    <attachments/>
                    <steps/>
                </step>
            </steps>
            <attachments>
                <attachment title='Screenshot' source='200afe80-1b32-445e-9104-31b18eb09f37-attachment.png' type='image/png' size='133833'/>
            </attachments>
            <failure>
                <message>_home.default.volverHome is not a function</message>
                <stack-trace>TypeError: _home.default.volverHome is not a function
                    at Context.&lt;anonymous> (D:\WebdriverIO-Curso-Abstracta\tests\/buscarArticulos.test.js:16:22)
                    at processTicksAndRejections (node:internal/process/task_queues:95:5)</stack-trace>
            </failure>
        </test-case>
        <test-case start='1673281209516' status='broken' stop='1673281210721'>
            <name>Debería buscar MacBook Air</name>
            <title>Debería buscar MacBook Air</title>
            <labels>
                <label name='language' value='javascript'/>
                <label name='framework' value='wdio'/>
                <label name='thread' value='0-1'/>
            </labels>
            <parameters>
                <parameter kind='argument' name='browser' value='chrome-108.0.5359.125'/>
            </parameters>
            <steps>
                <step start='1673281209517' status='passed' stop='1673281209517'>
                    <name>Abre la pagina</name>
                    <title>Abre la pagina</title>
                    <attachments/>
                    <steps/>
                </step>
                <step start='1673281209890' status='passed' stop='1673281209890'>
                    <name>Busca el articulo que le pasamos por parámetro</name>
                    <title>Busca el articulo que le pasamos por parámetro</title>
                    <attachments/>
                    <steps/>
                </step>
                <step start='1673281210552' status='passed' stop='1673281210552'>
                    <name>Se verifica si el articulo encontrado coincide con el que buscamos</name>
                    <title>Se verifica si el articulo encontrado coincide con el que buscamos</title>
                    <attachments/>
                    <steps/>
                </step>
                <step start='1673281210583' status='passed' stop='1673281210583'>
                    <name>Verifica que se esté mostrando para posteriormente volver al home</name>
                    <title>Verifica que se esté mostrando para posteriormente volver al home</title>
                    <attachments/>
                    <steps/>
                </step>
            </steps>
            <attachments>
                <attachment title='Screenshot' source='58e73a16-9981-421d-9336-506cc9f36513-attachment.png' type='image/png' size='114452'/>
            </attachments>
            <failure>
                <message>_home.default.volverHome is not a function</message>
                <stack-trace>TypeError: _home.default.volverHome is not a function
                    at Context.&lt;anonymous> (D:\WebdriverIO-Curso-Abstracta\tests\/buscarArticulos.test.js:16:22)
                    at processTicksAndRejections (node:internal/process/task_queues:95:5)</stack-trace>
            </failure>
        </test-case>
    </test-cases>
</ns2:test-suite>