<?xml version='1.0'?>
<ns2:test-suite xmlns:ns2='urn:model.allure.qatools.yandex.ru' start='1672293189896' stop='1672293194823'>
    <name>Búsqueda de varios articulos: </name>
    <title>Búsqueda de varios articulos: </title>
    <test-cases>
        <test-case start='1672293189897' status='failed' stop='1672293192429'>
            <name>Debería buscar iPhone</name>
            <title>Debería buscar iPhone</title>
            <labels>
                <label name='language' value='javascript'/>
                <label name='framework' value='wdio'/>
                <label name='thread' value='0-1'/>
            </labels>
            <parameters>
                <parameter kind='argument' name='browser' value='chrome-108.0.5359.125'/>
            </parameters>
            <steps>
                <step start='1672293190064' status='passed' stop='1672293190064'>
                    <name>Abre la pagina</name>
                    <title>Abre la pagina</title>
                    <attachments/>
                    <steps/>
                </step>
                <step start='1672293191482' status='passed' stop='1672293191482'>
                    <name>Busca el articulo que le pasamos por parámetro</name>
                    <title>Busca el articulo que le pasamos por parámetro</title>
                    <attachments/>
                    <steps/>
                </step>
                <step start='1672293192242' status='passed' stop='1672293192242'>
                    <name>Se verifica si el articulo encontrado coincide con el que buscamos</name>
                    <title>Se verifica si el articulo encontrado coincide con el que buscamos</title>
                    <attachments/>
                    <steps/>
                </step>
            </steps>
            <attachments>
                <attachment title='Screenshot' source='1f4165da-637c-490f-ae26-9c26f5473ce1-attachment.png' type='image/png' size='113776'/>
            </attachments>
            <failure>
                <message>expected null to equal 'iPhone'      
                      actual expected
                      
                      null'iPhone'
                      </message>
                <stack-trace>AssertionError: expected null to equal 'iPhone'
                    at Context.&lt;anonymous> (D:\WebdriverIO-Curso-Abstracta\tests\/buscarArticulos.test.js:12:56)
                    at processTicksAndRejections (node:internal/process/task_queues:95:5)</stack-trace>
            </failure>
        </test-case>
        <test-case start='1672293192430' status='failed' stop='1672293193583'>
            <name>Debería buscar Canon EOS 5D</name>
            <title>Debería buscar Canon EOS 5D</title>
            <labels>
                <label name='language' value='javascript'/>
                <label name='framework' value='wdio'/>
                <label name='thread' value='0-1'/>
            </labels>
            <parameters>
                <parameter kind='argument' name='browser' value='chrome-108.0.5359.125'/>
            </parameters>
            <steps>
                <step start='1672293192430' status='passed' stop='1672293192430'>
                    <name>Abre la pagina</name>
                    <title>Abre la pagina</title>
                    <attachments/>
                    <steps/>
                </step>
                <step start='1672293192739' status='passed' stop='1672293192739'>
                    <name>Busca el articulo que le pasamos por parámetro</name>
                    <title>Busca el articulo que le pasamos por parámetro</title>
                    <attachments/>
                    <steps/>
                </step>
                <step start='1672293193403' status='passed' stop='1672293193403'>
                    <name>Se verifica si el articulo encontrado coincide con el que buscamos</name>
                    <title>Se verifica si el articulo encontrado coincide con el que buscamos</title>
                    <attachments/>
                    <steps/>
                </step>
            </steps>
            <attachments>
                <attachment title='Screenshot' source='20fb60d4-441e-4585-a0d5-2c8d518aa5fb-attachment.png' type='image/png' size='133833'/>
            </attachments>
            <failure>
                <message>expected null to equal 'Canon EOS 5D'      
                      actual expected
                      
                      null'Canon EOS 5D'
                      </message>
                <stack-trace>AssertionError: expected null to equal 'Canon EOS 5D'
                    at Context.&lt;anonymous> (D:\WebdriverIO-Curso-Abstracta\tests\/buscarArticulos.test.js:12:56)
                    at processTicksAndRejections (node:internal/process/task_queues:95:5)</stack-trace>
            </failure>
        </test-case>
        <test-case start='1672293193583' status='failed' stop='1672293194822'>
            <name>Debería buscar MacBook Air</name>
            <title>Debería buscar MacBook Air</title>
            <labels>
                <label name='language' value='javascript'/>
                <label name='framework' value='wdio'/>
                <label name='thread' value='0-1'/>
            </labels>
            <parameters>
                <parameter kind='argument' name='browser' value='chrome-108.0.5359.125'/>
            </parameters>
            <steps>
                <step start='1672293193584' status='passed' stop='1672293193584'>
                    <name>Abre la pagina</name>
                    <title>Abre la pagina</title>
                    <attachments/>
                    <steps/>
                </step>
                <step start='1672293193873' status='passed' stop='1672293193873'>
                    <name>Busca el articulo que le pasamos por parámetro</name>
                    <title>Busca el articulo que le pasamos por parámetro</title>
                    <attachments/>
                    <steps/>
                </step>
                <step start='1672293194679' status='passed' stop='1672293194679'>
                    <name>Se verifica si el articulo encontrado coincide con el que buscamos</name>
                    <title>Se verifica si el articulo encontrado coincide con el que buscamos</title>
                    <attachments/>
                    <steps/>
                </step>
            </steps>
            <attachments>
                <attachment title='Screenshot' source='da8f7bc4-380c-4778-b515-0afb4bf28094-attachment.png' type='image/png' size='114796'/>
            </attachments>
            <failure>
                <message>expected null to equal 'MacBook Air'      
                      actual expected
                      
                      null'MacBook Air'
                      </message>
                <stack-trace>AssertionError: expected null to equal 'MacBook Air'
                    at Context.&lt;anonymous> (D:\WebdriverIO-Curso-Abstracta\tests\/buscarArticulos.test.js:12:56)
                    at processTicksAndRejections (node:internal/process/task_queues:95:5)</stack-trace>
            </failure>
        </test-case>
    </test-cases>
</ns2:test-suite>