<?xml version='1.0'?>
<ns2:test-suite xmlns:ns2='urn:model.allure.qatools.yandex.ru' start='1673282500711' stop='1673282506619'>
    <name>Búsqueda de varios articulos: </name>
    <title>Búsqueda de varios articulos: </title>
    <test-cases>
        <test-case start='1673282500712' status='broken' stop='1673282504244'>
            <name>Debería buscar iPhone</name>
            <title>Debería buscar iPhone</title>
            <labels>
                <label name='language' value='javascript'/>
                <label name='framework' value='wdio'/>
                <label name='thread' value='0-1'/>
            </labels>
            <parameters>
                <parameter kind='argument' name='browser' value='chrome-108.0.5359.125'/>
            </parameters>
            <steps>
                <step start='1673282500872' status='passed' stop='1673282500873'>
                    <name>Abre la pagina</name>
                    <title>Abre la pagina</title>
                    <attachments/>
                    <steps/>
                </step>
                <step start='1673282503284' status='passed' stop='1673282503284'>
                    <name>Busca el articulo que le pasamos por parámetro</name>
                    <title>Busca el articulo que le pasamos por parámetro</title>
                    <attachments/>
                    <steps/>
                </step>
                <step start='1673282504066' status='passed' stop='1673282504066'>
                    <name>Se verifica si el articulo encontrado coincide con el que buscamos</name>
                    <title>Se verifica si el articulo encontrado coincide con el que buscamos</title>
                    <attachments/>
                    <steps/>
                </step>
                <step start='1673282504112' status='passed' stop='1673282504112'>
                    <name>Verifica que se esté mostrando el boton para volver al home y posteriormente lo clickea para volver al mismo</name>
                    <title>Verifica que se esté mostrando el boton para volver al home y posteriormente lo clickea para volver al mismo</title>
                    <attachments/>
                    <steps/>
                </step>
            </steps>
            <attachments>
                <attachment title='Screenshot' source='9cc9475f-c07e-4fa3-94c7-6f49dd03c14d-attachment.png' type='image/png' size='113776'/>
            </attachments>
            <failure>
                <message>_home.default.volverAlHome.isDisplayed is not a function</message>
                <stack-trace>TypeError: _home.default.volverAlHome.isDisplayed is not a function
                    at Context.&lt;anonymous> (D:\WebdriverIO-Curso-Abstracta\tests\/buscarArticulos.test.js:15:42)
                    at processTicksAndRejections (node:internal/process/task_queues:95:5)</stack-trace>
            </failure>
        </test-case>
        <test-case start='1673282504245' status='broken' stop='1673282505474'>
            <name>Debería buscar Canon EOS 5D</name>
            <title>Debería buscar Canon EOS 5D</title>
            <labels>
                <label name='language' value='javascript'/>
                <label name='framework' value='wdio'/>
                <label name='thread' value='0-1'/>
            </labels>
            <parameters>
                <parameter kind='argument' name='browser' value='chrome-108.0.5359.125'/>
            </parameters>
            <steps>
                <step start='1673282504245' status='passed' stop='1673282504245'>
                    <name>Abre la pagina</name>
                    <title>Abre la pagina</title>
                    <attachments/>
                    <steps/>
                </step>
                <step start='1673282504623' status='passed' stop='1673282504623'>
                    <name>Busca el articulo que le pasamos por parámetro</name>
                    <title>Busca el articulo que le pasamos por parámetro</title>
                    <attachments/>
                    <steps/>
                </step>
                <step start='1673282505272' status='passed' stop='1673282505272'>
                    <name>Se verifica si el articulo encontrado coincide con el que buscamos</name>
                    <title>Se verifica si el articulo encontrado coincide con el que buscamos</title>
                    <attachments/>
                    <steps/>
                </step>
                <step start='1673282505302' status='passed' stop='1673282505302'>
                    <name>Verifica que se esté mostrando el boton para volver al home y posteriormente lo clickea para volver al mismo</name>
                    <title>Verifica que se esté mostrando el boton para volver al home y posteriormente lo clickea para volver al mismo</title>
                    <attachments/>
                    <steps/>
                </step>
            </steps>
            <attachments>
                <attachment title='Screenshot' source='6637ed2a-232a-4b5a-abe2-4368c0676924-attachment.png' type='image/png' size='133833'/>
            </attachments>
            <failure>
                <message>_home.default.volverAlHome.isDisplayed is not a function</message>
                <stack-trace>TypeError: _home.default.volverAlHome.isDisplayed is not a function
                    at Context.&lt;anonymous> (D:\WebdriverIO-Curso-Abstracta\tests\/buscarArticulos.test.js:15:42)
                    at processTicksAndRejections (node:internal/process/task_queues:95:5)</stack-trace>
            </failure>
        </test-case>
        <test-case start='1673282505474' status='broken' stop='1673282506618'>
            <name>Debería buscar MacBook Air</name>
            <title>Debería buscar MacBook Air</title>
            <labels>
                <label name='language' value='javascript'/>
                <label name='framework' value='wdio'/>
                <label name='thread' value='0-1'/>
            </labels>
            <parameters>
                <parameter kind='argument' name='browser' value='chrome-108.0.5359.125'/>
            </parameters>
            <steps>
                <step start='1673282505475' status='passed' stop='1673282505475'>
                    <name>Abre la pagina</name>
                    <title>Abre la pagina</title>
                    <attachments/>
                    <steps/>
                </step>
                <step start='1673282505824' status='passed' stop='1673282505824'>
                    <name>Busca el articulo que le pasamos por parámetro</name>
                    <title>Busca el articulo que le pasamos por parámetro</title>
                    <attachments/>
                    <steps/>
                </step>
                <step start='1673282506474' status='passed' stop='1673282506474'>
                    <name>Se verifica si el articulo encontrado coincide con el que buscamos</name>
                    <title>Se verifica si el articulo encontrado coincide con el que buscamos</title>
                    <attachments/>
                    <steps/>
                </step>
                <step start='1673282506494' status='passed' stop='1673282506494'>
                    <name>Verifica que se esté mostrando el boton para volver al home y posteriormente lo clickea para volver al mismo</name>
                    <title>Verifica que se esté mostrando el boton para volver al home y posteriormente lo clickea para volver al mismo</title>
                    <attachments/>
                    <steps/>
                </step>
            </steps>
            <attachments>
                <attachment title='Screenshot' source='8090ceb2-6dc5-4ac3-80b6-8d8e8d61098a-attachment.png' type='image/png' size='114796'/>
            </attachments>
            <failure>
                <message>_home.default.volverAlHome.isDisplayed is not a function</message>
                <stack-trace>TypeError: _home.default.volverAlHome.isDisplayed is not a function
                    at Context.&lt;anonymous> (D:\WebdriverIO-Curso-Abstracta\tests\/buscarArticulos.test.js:15:42)
                    at processTicksAndRejections (node:internal/process/task_queues:95:5)</stack-trace>
            </failure>
        </test-case>
    </test-cases>
</ns2:test-suite>