<?xml version='1.0'?>
<ns2:test-suite xmlns:ns2='urn:model.allure.qatools.yandex.ru' start='1673139311263' stop='1673139314865'>
    <name>Menu</name>
    <title>Menu</title>
    <test-cases>
        <test-case start='1673139311264' status='failed' stop='1673139314864'>
            <name>Debería ingresar a Desktops/Mac y verificar que haya algún producto</name>
            <title>Debería ingresar a Desktops/Mac y verificar que haya algún producto</title>
            <labels>
                <label name='language' value='javascript'/>
                <label name='framework' value='wdio'/>
                <label name='thread' value='0-2'/>
            </labels>
            <parameters>
                <parameter kind='argument' name='browser' value='chrome-108.0.5359.125'/>
            </parameters>
            <steps>
                <step start='1673139311394' status='passed' stop='1673139311395'>
                    <name>Ingresa al sitio web</name>
                    <title>Ingresa al sitio web</title>
                    <attachments/>
                    <steps/>
                </step>
                <step start='1673139313860' status='passed' stop='1673139313860'>
                    <name>Abre el menu de Desktops</name>
                    <title>Abre el menu de Desktops</title>
                    <attachments/>
                    <steps/>
                </step>
                <step start='1673139313957' status='passed' stop='1673139313957'>
                    <name>Ingresa a mac</name>
                    <title>Ingresa a mac</title>
                    <attachments/>
                    <steps/>
                </step>
                <step start='1673139314514' status='passed' stop='1673139314514'>
                    <name>Verifica que haya algun producto</name>
                    <title>Verifica que haya algun producto</title>
                    <attachments/>
                    <steps/>
                </step>
            </steps>
            <attachments>
                <attachment title='Screenshot' source='e4aecfb6-e48d-4a5b-b8e7-401a8ae70cfe-attachment.png' type='image/png' size='127743'/>
            </attachments>
            <failure>
                <message>No se esta mostrando el boton Your Store para volver al home: expected true to be false      
                      actual expected
                      
                      truefalse
                      </message>
                <stack-trace>AssertionError: No se esta mostrando el boton Your Store para volver al home: expected true to be false
                    at Context.&lt;anonymous> (D:\WebdriverIO-Curso-Abstracta\tests\/menuMac.test.js:20:124)
                    at processTicksAndRejections (node:internal/process/task_queues:95:5)</stack-trace>
            </failure>
        </test-case>
    </test-cases>
</ns2:test-suite>