<?xml version='1.0'?>
<ns2:test-suite xmlns:ns2='urn:model.allure.qatools.yandex.ru' start='1669812510779' stop='1669812516651'>
    <name>Búsqueda</name>
    <title>Búsqueda</title>
    <test-cases>
        <test-case start='1669812510779' status='broken' stop='1669812513856'>
            <name>Debería buscar iPhone</name>
            <title>Debería buscar iPhone</title>
            <labels>
                <label name='language' value='javascript'/>
                <label name='framework' value='wdio'/>
                <label name='thread' value='0-0'/>
            </labels>
            <parameters>
                <parameter kind='argument' name='browser' value='chrome-107.0.5304.122'/>
            </parameters>
            <steps>
                <step start='1669812512890' status='passed' stop='1669812512890'>
                    <name>Buscar artículo: iPhone</name>
                    <title>Buscar artículo: iPhone</title>
                    <attachments/>
                    <steps/>
                </step>
                <step start='1669812513658' status='passed' stop='1669812513658'>
                    <name>Obtener texto de la barra de búsqueda</name>
                    <title>Obtener texto de la barra de búsqueda</title>
                    <attachments/>
                    <steps/>
                </step>
                <step start='1669812513688' status='passed' stop='1669812513688'>
                    <name>Obtener texto de la barra de búsqueda</name>
                    <title>Obtener texto de la barra de búsqueda</title>
                    <attachments/>
                    <steps/>
                </step>
            </steps>
            <attachments>
                <attachment title='Screenshot' source='98e51f06-a1ce-45bd-9e3b-ffaa49dbca99-attachment.png' type='image/png' size='113776'/>
            </attachments>
            <failure>
                <message>Cannot read properties of undefined (reading 'equal')</message>
                <stack-trace>TypeError: Cannot read properties of undefined (reading 'equal')
                    at Context.&lt;anonymous> (D:\WebdriverIO-Curso-Abstracta\tests\/opencart.test.js:13:62)
                    at processTicksAndRejections (node:internal/process/task_queues:95:5)</stack-trace>
            </failure>
        </test-case>
        <test-case start='1669812513856' status='broken' stop='1669812515155'>
            <name>Debería buscar Canon EOS 5D</name>
            <title>Debería buscar Canon EOS 5D</title>
            <labels>
                <label name='language' value='javascript'/>
                <label name='framework' value='wdio'/>
                <label name='thread' value='0-0'/>
            </labels>
            <parameters>
                <parameter kind='argument' name='browser' value='chrome-107.0.5304.122'/>
            </parameters>
            <steps>
                <step start='1669812514213' status='passed' stop='1669812514213'>
                    <name>Buscar artículo: Canon EOS 5D</name>
                    <title>Buscar artículo: Canon EOS 5D</title>
                    <attachments/>
                    <steps/>
                </step>
                <step start='1669812514994' status='passed' stop='1669812514994'>
                    <name>Obtener texto de la barra de búsqueda</name>
                    <title>Obtener texto de la barra de búsqueda</title>
                    <attachments/>
                    <steps/>
                </step>
                <step start='1669812515019' status='passed' stop='1669812515019'>
                    <name>Obtener texto de la barra de búsqueda</name>
                    <title>Obtener texto de la barra de búsqueda</title>
                    <attachments/>
                    <steps/>
                </step>
            </steps>
            <attachments>
                <attachment title='Screenshot' source='9133333a-151d-4957-ab99-14903c59325f-attachment.png' type='image/png' size='133833'/>
            </attachments>
            <failure>
                <message>Cannot read properties of undefined (reading 'equal')</message>
                <stack-trace>TypeError: Cannot read properties of undefined (reading 'equal')
                    at Context.&lt;anonymous> (D:\WebdriverIO-Curso-Abstracta\tests\/opencart.test.js:13:62)
                    at processTicksAndRejections (node:internal/process/task_queues:95:5)</stack-trace>
            </failure>
        </test-case>
        <test-case start='1669812515156' status='broken' stop='1669812516650'>
            <name>Debería buscar MacBook</name>
            <title>Debería buscar MacBook</title>
            <labels>
                <label name='language' value='javascript'/>
                <label name='framework' value='wdio'/>
                <label name='thread' value='0-0'/>
            </labels>
            <parameters>
                <parameter kind='argument' name='browser' value='chrome-107.0.5304.122'/>
            </parameters>
            <steps>
                <step start='1669812515559' status='passed' stop='1669812515559'>
                    <name>Buscar artículo: MacBook</name>
                    <title>Buscar artículo: MacBook</title>
                    <attachments/>
                    <steps/>
                </step>
                <step start='1669812516432' status='passed' stop='1669812516432'>
                    <name>Obtener texto de la barra de búsqueda</name>
                    <title>Obtener texto de la barra de búsqueda</title>
                    <attachments/>
                    <steps/>
                </step>
                <step start='1669812516465' status='passed' stop='1669812516465'>
                    <name>Obtener texto de la barra de búsqueda</name>
                    <title>Obtener texto de la barra de búsqueda</title>
                    <attachments/>
                    <steps/>
                </step>
            </steps>
            <attachments>
                <attachment title='Screenshot' source='2b9b6475-4a96-4fe8-b338-ad317a798395-attachment.png' type='image/png' size='187088'/>
            </attachments>
            <failure>
                <message>Cannot read properties of undefined (reading 'equal')</message>
                <stack-trace>TypeError: Cannot read properties of undefined (reading 'equal')
                    at Context.&lt;anonymous> (D:\WebdriverIO-Curso-Abstracta\tests\/opencart.test.js:13:62)
                    at processTicksAndRejections (node:internal/process/task_queues:95:5)</stack-trace>
            </failure>
        </test-case>
    </test-cases>
</ns2:test-suite>