<?xml version='1.0'?>
<ns2:test-suite xmlns:ns2='urn:model.allure.qatools.yandex.ru' start='1672967527382' stop='1672967533550'>
    <name>Búsqueda de varios articulos: </name>
    <title>Búsqueda de varios articulos: </title>
    <test-cases>
        <test-case start='1672967527383' status='broken' stop='1672967531048'>
            <name>Debería buscar iPhone</name>
            <title>Debería buscar iPhone</title>
            <labels>
                <label name='language' value='javascript'/>
                <label name='framework' value='wdio'/>
                <label name='thread' value='0-1'/>
            </labels>
            <parameters>
                <parameter kind='argument' name='browser' value='chrome-108.0.5359.125'/>
            </parameters>
            <steps>
                <step start='1672967527480' status='passed' stop='1672967527480'>
                    <name>Abre la pagina</name>
                    <title>Abre la pagina</title>
                    <attachments/>
                    <steps/>
                </step>
                <step start='1672967529841' status='passed' stop='1672967529841'>
                    <name>Busca el articulo que le pasamos por parámetro</name>
                    <title>Busca el articulo que le pasamos por parámetro</title>
                    <attachments/>
                    <steps/>
                </step>
                <step start='1672967530795' status='passed' stop='1672967530795'>
                    <name>Se verifica si el articulo encontrado coincide con el que buscamos</name>
                    <title>Se verifica si el articulo encontrado coincide con el que buscamos</title>
                    <attachments/>
                    <steps/>
                </step>
                <step start='1672967530856' status='passed' stop='1672967530856'>
                    <name>Regresa al home</name>
                    <title>Regresa al home</title>
                    <attachments/>
                    <steps/>
                </step>
            </steps>
            <attachments>
                <attachment title='Screenshot' source='b33c70c6-ab98-4595-ac66-39ef3d37d977-attachment.png' type='image/png' size='113776'/>
            </attachments>
            <failure>
                <message>_home.default.volverHome is not a function</message>
                <stack-trace>TypeError: _home.default.volverHome is not a function
                    at Context.&lt;anonymous> (D:\WebdriverIO-Curso-Abstracta\tests\/buscarArticulos.test.js:16:22)
                    at processTicksAndRejections (node:internal/process/task_queues:95:5)</stack-trace>
            </failure>
        </test-case>
        <test-case start='1672967531049' status='broken' stop='1672967532263'>
            <name>Debería buscar Canon EOS 5D</name>
            <title>Debería buscar Canon EOS 5D</title>
            <labels>
                <label name='language' value='javascript'/>
                <label name='framework' value='wdio'/>
                <label name='thread' value='0-1'/>
            </labels>
            <parameters>
                <parameter kind='argument' name='browser' value='chrome-108.0.5359.125'/>
            </parameters>
            <steps>
                <step start='1672967531049' status='passed' stop='1672967531049'>
                    <name>Abre la pagina</name>
                    <title>Abre la pagina</title>
                    <attachments/>
                    <steps/>
                </step>
                <step start='1672967531432' status='passed' stop='1672967531432'>
                    <name>Busca el articulo que le pasamos por parámetro</name>
                    <title>Busca el articulo que le pasamos por parámetro</title>
                    <attachments/>
                    <steps/>
                </step>
                <step start='1672967532064' status='passed' stop='1672967532064'>
                    <name>Se verifica si el articulo encontrado coincide con el que buscamos</name>
                    <title>Se verifica si el articulo encontrado coincide con el que buscamos</title>
                    <attachments/>
                    <steps/>
                </step>
                <step start='1672967532091' status='passed' stop='1672967532091'>
                    <name>Regresa al home</name>
                    <title>Regresa al home</title>
                    <attachments/>
                    <steps/>
                </step>
            </steps>
            <attachments>
                <attachment title='Screenshot' source='c38fa4cf-8e67-46da-a949-378c39d95bda-attachment.png' type='image/png' size='133833'/>
            </attachments>
            <failure>
                <message>_home.default.volverHome is not a function</message>
                <stack-trace>TypeError: _home.default.volverHome is not a function
                    at Context.&lt;anonymous> (D:\WebdriverIO-Curso-Abstracta\tests\/buscarArticulos.test.js:16:22)
                    at processTicksAndRejections (node:internal/process/task_queues:95:5)</stack-trace>
            </failure>
        </test-case>
        <test-case start='1672967532263' status='broken' stop='1672967533550'>
            <name>Debería buscar MacBook Air</name>
            <title>Debería buscar MacBook Air</title>
            <labels>
                <label name='language' value='javascript'/>
                <label name='framework' value='wdio'/>
                <label name='thread' value='0-1'/>
            </labels>
            <parameters>
                <parameter kind='argument' name='browser' value='chrome-108.0.5359.125'/>
            </parameters>
            <steps>
                <step start='1672967532263' status='passed' stop='1672967532263'>
                    <name>Abre la pagina</name>
                    <title>Abre la pagina</title>
                    <attachments/>
                    <steps/>
                </step>
                <step start='1672967532604' status='passed' stop='1672967532604'>
                    <name>Busca el articulo que le pasamos por parámetro</name>
                    <title>Busca el articulo que le pasamos por parámetro</title>
                    <attachments/>
                    <steps/>
                </step>
                <step start='1672967533260' status='passed' stop='1672967533260'>
                    <name>Se verifica si el articulo encontrado coincide con el que buscamos</name>
                    <title>Se verifica si el articulo encontrado coincide con el que buscamos</title>
                    <attachments/>
                    <steps/>
                </step>
                <step start='1672967533286' status='passed' stop='1672967533286'>
                    <name>Regresa al home</name>
                    <title>Regresa al home</title>
                    <attachments/>
                    <steps/>
                </step>
            </steps>
            <attachments>
                <attachment title='Screenshot' source='63f56f0d-045e-4490-93de-3fc97b13730a-attachment.png' type='image/png' size='114452'/>
            </attachments>
            <failure>
                <message>_home.default.volverHome is not a function</message>
                <stack-trace>TypeError: _home.default.volverHome is not a function
                    at Context.&lt;anonymous> (D:\WebdriverIO-Curso-Abstracta\tests\/buscarArticulos.test.js:16:22)
                    at processTicksAndRejections (node:internal/process/task_queues:95:5)</stack-trace>
            </failure>
        </test-case>
    </test-cases>
</ns2:test-suite>