<?xml version='1.0'?>
<ns2:test-suite xmlns:ns2='urn:model.allure.qatools.yandex.ru' start='1673551124304' stop='1673551129670'>
    <name>Carrito</name>
    <title>Carrito</title>
    <test-cases>
        <test-case start='1673551124305' status='failed' stop='1673551129669'>
            <name>Debería añadir el articulo al carro</name>
            <title>Debería añadir el articulo al carro</title>
            <labels>
                <label name='language' value='javascript'/>
                <label name='framework' value='wdio'/>
                <label name='thread' value='0-0'/>
            </labels>
            <parameters>
                <parameter kind='argument' name='browser' value='chrome-109.0.5414.74'/>
            </parameters>
            <steps>
                <step start='1673551124485' status='passed' stop='1673551124485'>
                    <name>Ingresa al sitio web</name>
                    <title>Ingresa al sitio web</title>
                    <attachments/>
                    <steps/>
                </step>
                <step start='1673551127036' status='passed' stop='1673551127036'>
                    <name>Busca el producto</name>
                    <title>Busca el producto</title>
                    <attachments/>
                    <steps/>
                </step>
                <step start='1673551127743' status='passed' stop='1673551127743'>
                    <name>Ingresa al resultado de la busqueda</name>
                    <title>Ingresa al resultado de la busqueda</title>
                    <attachments/>
                    <steps/>
                </step>
                <step start='1673551129408' status='passed' stop='1673551129408'>
                    <name>Ingresa el producto al carrito</name>
                    <title>Ingresa el producto al carrito</title>
                    <attachments/>
                    <steps/>
                </step>
            </steps>
            <attachments>
                <attachment title='Screenshot' source='662704e0-da97-4101-9c5c-0d8da031a25d-attachment.png' type='image/png' size='176401'/>
            </attachments>
            <failure>
                <message>El mensaje no muestra: expected false to be true      
                      actual expected
                      
                      falsetrue
                      </message>
                <stack-trace>AssertionError: El mensaje no muestra: expected false to be true
                    at Context.&lt;anonymous> (D:\WebdriverIO-Curso-Abstracta\tests\/añadirAlCarro.test.js:21:103)
                    at processTicksAndRejections (node:internal/process/task_queues:95:5)</stack-trace>
            </failure>
        </test-case>
    </test-cases>
</ns2:test-suite>