<?xml version='1.0'?>
<ns2:test-suite xmlns:ns2='urn:model.allure.qatools.yandex.ru' start='1671156023149' stop='1671156026819'>
    <name>Búsqueda</name>
    <title>Búsqueda</title>
    <test-cases>
        <test-case start='1671156023150' status='broken' stop='1671156025817'>
            <name>Debería buscar iPhone</name>
            <title>Debería buscar iPhone</title>
            <labels>
                <label name='language' value='javascript'/>
                <label name='framework' value='wdio'/>
                <label name='thread' value='0-1'/>
            </labels>
            <parameters>
                <parameter kind='argument' name='browser' value='chrome-108.0.5359.125'/>
            </parameters>
            <steps/>
            <attachments>
                <attachment title='Screenshot' source='01139498-58c0-4743-babd-0255c40fcd1f-attachment.png' type='image/png' size='320487'/>
            </attachments>
            <failure>
                <message>_home.default.searchbar is not a function</message>
                <stack-trace>TypeError: _home.default.searchbar is not a function
                    at Context.&lt;anonymous> (D:\WebdriverIO-Curso-Abstracta\tests\/opencart.test.js:11:35)
                    at processTicksAndRejections (node:internal/process/task_queues:95:5)</stack-trace>
            </failure>
        </test-case>
        <test-case start='1671156025817' status='broken' stop='1671156026332'>
            <name>Debería buscar Canon EOS 5D</name>
            <title>Debería buscar Canon EOS 5D</title>
            <labels>
                <label name='language' value='javascript'/>
                <label name='framework' value='wdio'/>
                <label name='thread' value='0-1'/>
            </labels>
            <parameters>
                <parameter kind='argument' name='browser' value='chrome-108.0.5359.125'/>
            </parameters>
            <steps/>
            <attachments>
                <attachment title='Screenshot' source='2571a7fc-4f8c-4649-978b-3b7197669f27-attachment.png' type='image/png' size='320487'/>
            </attachments>
            <failure>
                <message>_home.default.searchbar is not a function</message>
                <stack-trace>TypeError: _home.default.searchbar is not a function
                    at Context.&lt;anonymous> (D:\WebdriverIO-Curso-Abstracta\tests\/opencart.test.js:11:35)
                    at processTicksAndRejections (node:internal/process/task_queues:95:5)</stack-trace>
            </failure>
        </test-case>
        <test-case start='1671156026333' status='broken' stop='1671156026818'>
            <name>Debería buscar MacBook</name>
            <title>Debería buscar MacBook</title>
            <labels>
                <label name='language' value='javascript'/>
                <label name='framework' value='wdio'/>
                <label name='thread' value='0-1'/>
            </labels>
            <parameters>
                <parameter kind='argument' name='browser' value='chrome-108.0.5359.125'/>
            </parameters>
            <steps/>
            <attachments>
                <attachment title='Screenshot' source='1822a5de-0d23-4444-974d-21448d3b220a-attachment.png' type='image/png' size='320487'/>
            </attachments>
            <failure>
                <message>_home.default.searchbar is not a function</message>
                <stack-trace>TypeError: _home.default.searchbar is not a function
                    at Context.&lt;anonymous> (D:\WebdriverIO-Curso-Abstracta\tests\/opencart.test.js:11:35)
                    at processTicksAndRejections (node:internal/process/task_queues:95:5)</stack-trace>
            </failure>
        </test-case>
    </test-cases>
</ns2:test-suite>