<?xml version='1.0'?>
<ns2:test-suite xmlns:ns2='urn:model.allure.qatools.yandex.ru' start='1672705455753' stop='1672705461297'>
    <name>Búsqueda de varios articulos: </name>
    <title>Búsqueda de varios articulos: </title>
    <test-cases>
        <test-case start='1672705455754' status='broken' stop='1672705459047'>
            <name>Debería buscar iPhone</name>
            <title>Debería buscar iPhone</title>
            <labels>
                <label name='language' value='javascript'/>
                <label name='framework' value='wdio'/>
                <label name='thread' value='0-1'/>
            </labels>
            <parameters>
                <parameter kind='argument' name='browser' value='chrome-108.0.5359.125'/>
            </parameters>
            <steps>
                <step start='1672705455883' status='passed' stop='1672705455883'>
                    <name>Abre la pagina</name>
                    <title>Abre la pagina</title>
                    <attachments/>
                    <steps/>
                </step>
                <step start='1672705458050' status='passed' stop='1672705458050'>
                    <name>Busca el articulo que le pasamos por parámetro</name>
                    <title>Busca el articulo que le pasamos por parámetro</title>
                    <attachments/>
                    <steps/>
                </step>
                <step start='1672705458846' status='passed' stop='1672705458846'>
                    <name>Se verifica si el articulo encontrado coincide con el que buscamos</name>
                    <title>Se verifica si el articulo encontrado coincide con el que buscamos</title>
                    <attachments/>
                    <steps/>
                </step>
            </steps>
            <attachments>
                <attachment title='Screenshot' source='5dbb9d86-a2ac-4b7b-80d0-518bc7b67e4a-attachment.png' type='image/png' size='113776'/>
            </attachments>
            <failure>
                <message>this.barraDeBusqueda.getValue(...).click is not a function</message>
                <stack-trace>TypeError: this.barraDeBusqueda.getValue(...).click is not a function
                    at HomePage.obtenerTextoBusqueda (D:\WebdriverIO-Curso-Abstracta\pages\/home.page.js:37:50)
                    at Context.&lt;anonymous> (D:\WebdriverIO-Curso-Abstracta\tests\/buscarArticulos.test.js:12:35)
                    at processTicksAndRejections (node:internal/process/task_queues:95:5)</stack-trace>
            </failure>
        </test-case>
        <test-case start='1672705459053' status='broken' stop='1672705460178'>
            <name>Debería buscar Canon EOS 5D</name>
            <title>Debería buscar Canon EOS 5D</title>
            <labels>
                <label name='language' value='javascript'/>
                <label name='framework' value='wdio'/>
                <label name='thread' value='0-1'/>
            </labels>
            <parameters>
                <parameter kind='argument' name='browser' value='chrome-108.0.5359.125'/>
            </parameters>
            <steps>
                <step start='1672705459054' status='passed' stop='1672705459054'>
                    <name>Abre la pagina</name>
                    <title>Abre la pagina</title>
                    <attachments/>
                    <steps/>
                </step>
                <step start='1672705459386' status='passed' stop='1672705459386'>
                    <name>Busca el articulo que le pasamos por parámetro</name>
                    <title>Busca el articulo que le pasamos por parámetro</title>
                    <attachments/>
                    <steps/>
                </step>
                <step start='1672705460039' status='passed' stop='1672705460039'>
                    <name>Se verifica si el articulo encontrado coincide con el que buscamos</name>
                    <title>Se verifica si el articulo encontrado coincide con el que buscamos</title>
                    <attachments/>
                    <steps/>
                </step>
            </steps>
            <attachments>
                <attachment title='Screenshot' source='bc8218ab-1580-4443-91f6-13628d611c85-attachment.png' type='image/png' size='133833'/>
            </attachments>
            <failure>
                <message>this.barraDeBusqueda.getValue(...).click is not a function</message>
                <stack-trace>TypeError: this.barraDeBusqueda.getValue(...).click is not a function
                    at HomePage.obtenerTextoBusqueda (D:\WebdriverIO-Curso-Abstracta\pages\/home.page.js:37:50)
                    at Context.&lt;anonymous> (D:\WebdriverIO-Curso-Abstracta\tests\/buscarArticulos.test.js:12:35)
                    at processTicksAndRejections (node:internal/process/task_queues:95:5)</stack-trace>
            </failure>
        </test-case>
        <test-case start='1672705460179' status='broken' stop='1672705461293'>
            <name>Debería buscar MacBook Air</name>
            <title>Debería buscar MacBook Air</title>
            <labels>
                <label name='language' value='javascript'/>
                <label name='framework' value='wdio'/>
                <label name='thread' value='0-1'/>
            </labels>
            <parameters>
                <parameter kind='argument' name='browser' value='chrome-108.0.5359.125'/>
            </parameters>
            <steps>
                <step start='1672705460179' status='passed' stop='1672705460179'>
                    <name>Abre la pagina</name>
                    <title>Abre la pagina</title>
                    <attachments/>
                    <steps/>
                </step>
                <step start='1672705460507' status='passed' stop='1672705460507'>
                    <name>Busca el articulo que le pasamos por parámetro</name>
                    <title>Busca el articulo que le pasamos por parámetro</title>
                    <attachments/>
                    <steps/>
                </step>
                <step start='1672705461151' status='passed' stop='1672705461151'>
                    <name>Se verifica si el articulo encontrado coincide con el que buscamos</name>
                    <title>Se verifica si el articulo encontrado coincide con el que buscamos</title>
                    <attachments/>
                    <steps/>
                </step>
            </steps>
            <attachments>
                <attachment title='Screenshot' source='5cfa0953-1eaa-40d7-834b-f05476db2e7b-attachment.png' type='image/png' size='114796'/>
            </attachments>
            <failure>
                <message>this.barraDeBusqueda.getValue(...).click is not a function</message>
                <stack-trace>TypeError: this.barraDeBusqueda.getValue(...).click is not a function
                    at HomePage.obtenerTextoBusqueda (D:\WebdriverIO-Curso-Abstracta\pages\/home.page.js:37:50)
                    at Context.&lt;anonymous> (D:\WebdriverIO-Curso-Abstracta\tests\/buscarArticulos.test.js:12:35)
                    at processTicksAndRejections (node:internal/process/task_queues:95:5)</stack-trace>
            </failure>
        </test-case>
    </test-cases>
</ns2:test-suite>