<?xml version='1.0'?>
<ns2:test-suite xmlns:ns2='urn:model.allure.qatools.yandex.ru' start='1673123336292' stop='1673123341364'>
    <name>Menu</name>
    <title>Menu</title>
    <test-cases>
        <test-case start='1673123336293' status='failed' stop='1673123341363'>
            <name>Debería ingresar a Desktops/Mac y verificar que haya algún producto</name>
            <title>Debería ingresar a Desktops/Mac y verificar que haya algún producto</title>
            <labels>
                <label name='language' value='javascript'/>
                <label name='framework' value='wdio'/>
                <label name='thread' value='0-2'/>
            </labels>
            <parameters>
                <parameter kind='argument' name='browser' value='chrome-108.0.5359.125'/>
            </parameters>
            <steps>
                <step start='1673123336432' status='passed' stop='1673123336432'>
                    <name>Ingresa al sitio web</name>
                    <title>Ingresa al sitio web</title>
                    <attachments/>
                    <steps/>
                </step>
                <step start='1673123340453' status='passed' stop='1673123340453'>
                    <name>Abre el menu de Desktops</name>
                    <title>Abre el menu de Desktops</title>
                    <attachments/>
                    <steps/>
                </step>
                <step start='1673123340509' status='passed' stop='1673123340509'>
                    <name>Ingresa a mac</name>
                    <title>Ingresa a mac</title>
                    <attachments/>
                    <steps/>
                </step>
                <step start='1673123341050' status='passed' stop='1673123341050'>
                    <name>Verifica que haya algun producto</name>
                    <title>Verifica que haya algun producto</title>
                    <attachments/>
                    <steps/>
                </step>
            </steps>
            <attachments>
                <attachment title='Screenshot' source='d07ea5ad-6b79-4941-9db6-852b62ce62e7-attachment.png' type='image/png' size='127743'/>
            </attachments>
            <failure>
                <message>expected [Function: obtenerId] to equal 'Product'      
                      actual expected
                      
                      [Function: obtenerId]'Product'
                      </message>
                <stack-trace>AssertionError: expected [Function: obtenerId] to equal 'Product'
                    at Context.&lt;anonymous> (D:\WebdriverIO-Curso-Abstracta\tests\/menuMac.test.js:17:50)
                    at processTicksAndRejections (node:internal/process/task_queues:95:5)</stack-trace>
            </failure>
        </test-case>
    </test-cases>
</ns2:test-suite>