<?xml version='1.0'?>
<ns2:test-suite xmlns:ns2='urn:model.allure.qatools.yandex.ru' start='1673137362706' stop='1673137366327'>
    <name>Menu</name>
    <title>Menu</title>
    <test-cases>
        <test-case start='1673137362707' status='failed' stop='1673137366320'>
            <name>Debería ingresar a Desktops/Mac y verificar que haya algún producto</name>
            <title>Debería ingresar a Desktops/Mac y verificar que haya algún producto</title>
            <labels>
                <label name='language' value='javascript'/>
                <label name='framework' value='wdio'/>
                <label name='thread' value='0-2'/>
            </labels>
            <parameters>
                <parameter kind='argument' name='browser' value='chrome-108.0.5359.125'/>
            </parameters>
            <steps>
                <step start='1673137362805' status='passed' stop='1673137362805'>
                    <name>Ingresa al sitio web</name>
                    <title>Ingresa al sitio web</title>
                    <attachments/>
                    <steps/>
                </step>
                <step start='1673137365400' status='passed' stop='1673137365400'>
                    <name>Abre el menu de Desktops</name>
                    <title>Abre el menu de Desktops</title>
                    <attachments/>
                    <steps/>
                </step>
                <step start='1673137365487' status='passed' stop='1673137365487'>
                    <name>Ingresa a mac</name>
                    <title>Ingresa a mac</title>
                    <attachments/>
                    <steps/>
                </step>
                <step start='1673137366039' status='passed' stop='1673137366039'>
                    <name>Verifica que haya algun producto</name>
                    <title>Verifica que haya algun producto</title>
                    <attachments/>
                    <steps/>
                </step>
            </steps>
            <attachments>
                <attachment title='Screenshot' source='fada0cf3-9075-486b-b33d-f498b64decef-attachment.png' type='image/png' size='127743'/>
            </attachments>
            <failure>
                <message>expected {} to equal 'iMac'</message>
                <stack-trace>AssertionError: expected {} to equal 'iMac'
                    at Context.&lt;anonymous> (D:\WebdriverIO-Curso-Abstracta\tests\/menuMac.test.js:18:46)
                    at processTicksAndRejections (node:internal/process/task_queues:95:5)</stack-trace>
            </failure>
        </test-case>
    </test-cases>
</ns2:test-suite>