<?xml version='1.0'?>
<ns2:test-suite xmlns:ns2='urn:model.allure.qatools.yandex.ru' start='1672278544467' stop='1672278550265'>
    <name>Color</name>
    <title>Color</title>
    <test-cases>
        <test-case start='1672278544468' status='failed' stop='1672278550264'>
            <name>Debería buscar apple cinema, ingresar al artículo y seleccionar un color</name>
            <title>Debería buscar apple cinema, ingresar al artículo y seleccionar un color</title>
            <labels>
                <label name='language' value='javascript'/>
                <label name='framework' value='wdio'/>
                <label name='thread' value='0-2'/>
            </labels>
            <parameters>
                <parameter kind='argument' name='browser' value='chrome-108.0.5359.125'/>
            </parameters>
            <steps>
                <step start='1672278544491' status='passed' stop='1672278544491'>
                    <name>Ingresa al sitio web</name>
                    <title>Ingresa al sitio web</title>
                    <attachments/>
                    <steps/>
                </step>
                <step start='1672278546025' status='passed' stop='1672278546025'>
                    <name>Hace scroll hasta que se vea el footer</name>
                    <title>Hace scroll hasta que se vea el footer</title>
                    <attachments/>
                    <steps/>
                </step>
                <step start='1672278546167' status='passed' stop='1672278546167'>
                    <name>Busca apple cinema</name>
                    <title>Busca apple cinema</title>
                    <attachments/>
                    <steps/>
                </step>
                <step start='1672278548461' status='passed' stop='1672278548461'>
                    <name>Selecciona el color dos de apple cinema</name>
                    <title>Selecciona el color dos de apple cinema</title>
                    <attachments/>
                    <steps/>
                </step>
                <step start='1672278548617' status='passed' stop='1672278548617'>
                    <name>Regresa al home</name>
                    <title>Regresa al home</title>
                    <attachments/>
                    <steps/>
                </step>
            </steps>
            <attachments>
                <attachment title='Screenshot' source='6e7f24a6-3434-43a8-8065-a5b77007f413-attachment.png' type='image/png' size='321391'/>
            </attachments>
            <failure>
                <message>No se: expected false to be true      
                      actual expected
                      
                      falsetrue
                      </message>
                <stack-trace>AssertionError: No se: expected false to be true
                    at Context.&lt;anonymous> (D:\WebdriverIO-Curso-Abstracta\tests\/seleccionarColor.test.js:20:70)
                    at processTicksAndRejections (node:internal/process/task_queues:95:5)</stack-trace>
            </failure>
        </test-case>
    </test-cases>
</ns2:test-suite>