<?xml version='1.0'?>
<ns2:test-suite xmlns:ns2='urn:model.allure.qatools.yandex.ru' start='1672199904264' stop='1672199939821'>
    <name>Búsqueda de varios articulos: </name>
    <title>Búsqueda de varios articulos: </title>
    <test-cases>
        <test-case start='1672199904264' status='broken' stop='1672199916907'>
            <name>Debería buscar iPhone</name>
            <title>Debería buscar iPhone</title>
            <labels>
                <label name='language' value='javascript'/>
                <label name='framework' value='wdio'/>
                <label name='thread' value='0-1'/>
            </labels>
            <parameters>
                <parameter kind='argument' name='browser' value='chrome-108.0.5359.125'/>
            </parameters>
            <steps>
                <step start='1672199904353' status='passed' stop='1672199904353'>
                    <name>Abre la pagina</name>
                    <title>Abre la pagina</title>
                    <attachments/>
                    <steps/>
                </step>
                <step start='1672199905925' status='passed' stop='1672199905925'>
                    <name>Busca el articulo que le pasamos por parámetro</name>
                    <title>Busca el articulo que le pasamos por parámetro</title>
                    <attachments/>
                    <steps/>
                </step>
                <step start='1672199906723' status='passed' stop='1672199906723'>
                    <name>Se verifica si el articulo encontrado coincide con el que buscamos</name>
                    <title>Se verifica si el articulo encontrado coincide con el que buscamos</title>
                    <attachments/>
                    <steps/>
                </step>
                <step start='1672199906749' status='passed' stop='1672199906749'>
                    <name>Regresa al home</name>
                    <title>Regresa al home</title>
                    <attachments/>
                    <steps/>
                </step>
            </steps>
            <attachments>
                <attachment title='Screenshot' source='bf751613-96c3-44bc-994e-33df6f671f75-attachment.png' type='image/png' size='113343'/>
            </attachments>
            <failure>
                <message>Can't call click on element with selector "homeBtn" because element wasn't found</message>
                <stack-trace>Error: Can't call click on element with selector "homeBtn" because element wasn't found
                    at implicitWait (D:\WebdriverIO-Curso-Abstracta\node_modules\webdriverio\build\utils\implicitWait.js:34:19)
                    at Element.elementErrorHandlerCallbackFn (D:\WebdriverIO-Curso-Abstracta\node_modules\webdriverio\build\middlewares.js:20:29)
                    at Element.wrapCommandFn (D:\WebdriverIO-Curso-Abstracta\node_modules\@wdio\utils\build\shim.js:137:29)
                    at HomePage.volverHome (D:\WebdriverIO-Curso-Abstracta\pages\/home.page.js:60:5)
                    at Context.&lt;anonymous> (D:\WebdriverIO-Curso-Abstracta\tests\/buscarArticulos.test.js:14:7)</stack-trace>
            </failure>
        </test-case>
        <test-case start='1672199916907' status='broken' stop='1672199928350'>
            <name>Debería buscar Canon EOS 5D</name>
            <title>Debería buscar Canon EOS 5D</title>
            <labels>
                <label name='language' value='javascript'/>
                <label name='framework' value='wdio'/>
                <label name='thread' value='0-1'/>
            </labels>
            <parameters>
                <parameter kind='argument' name='browser' value='chrome-108.0.5359.125'/>
            </parameters>
            <steps>
                <step start='1672199916908' status='passed' stop='1672199916908'>
                    <name>Abre la pagina</name>
                    <title>Abre la pagina</title>
                    <attachments/>
                    <steps/>
                </step>
                <step start='1672199917544' status='passed' stop='1672199917544'>
                    <name>Busca el articulo que le pasamos por parámetro</name>
                    <title>Busca el articulo que le pasamos por parámetro</title>
                    <attachments/>
                    <steps/>
                </step>
                <step start='1672199918169' status='passed' stop='1672199918169'>
                    <name>Se verifica si el articulo encontrado coincide con el que buscamos</name>
                    <title>Se verifica si el articulo encontrado coincide con el que buscamos</title>
                    <attachments/>
                    <steps/>
                </step>
                <step start='1672199918187' status='passed' stop='1672199918187'>
                    <name>Regresa al home</name>
                    <title>Regresa al home</title>
                    <attachments/>
                    <steps/>
                </step>
            </steps>
            <attachments>
                <attachment title='Screenshot' source='e6135053-4b5a-4547-b3c8-b6a26413e06b-attachment.png' type='image/png' size='133833'/>
            </attachments>
            <failure>
                <message>Can't call click on element with selector "homeBtn" because element wasn't found</message>
                <stack-trace>Error: Can't call click on element with selector "homeBtn" because element wasn't found
                    at implicitWait (D:\WebdriverIO-Curso-Abstracta\node_modules\webdriverio\build\utils\implicitWait.js:34:19)
                    at Element.elementErrorHandlerCallbackFn (D:\WebdriverIO-Curso-Abstracta\node_modules\webdriverio\build\middlewares.js:20:29)
                    at Element.wrapCommandFn (D:\WebdriverIO-Curso-Abstracta\node_modules\@wdio\utils\build\shim.js:137:29)
                    at HomePage.volverHome (D:\WebdriverIO-Curso-Abstracta\pages\/home.page.js:60:5)
                    at Context.&lt;anonymous> (D:\WebdriverIO-Curso-Abstracta\tests\/buscarArticulos.test.js:14:7)</stack-trace>
            </failure>
        </test-case>
        <test-case start='1672199928350' status='broken' stop='1672199939820'>
            <name>Debería buscar MacBook</name>
            <title>Debería buscar MacBook</title>
            <labels>
                <label name='language' value='javascript'/>
                <label name='framework' value='wdio'/>
                <label name='thread' value='0-1'/>
            </labels>
            <parameters>
                <parameter kind='argument' name='browser' value='chrome-108.0.5359.125'/>
            </parameters>
            <steps>
                <step start='1672199928351' status='passed' stop='1672199928351'>
                    <name>Abre la pagina</name>
                    <title>Abre la pagina</title>
                    <attachments/>
                    <steps/>
                </step>
                <step start='1672199928797' status='passed' stop='1672199928797'>
                    <name>Busca el articulo que le pasamos por parámetro</name>
                    <title>Busca el articulo que le pasamos por parámetro</title>
                    <attachments/>
                    <steps/>
                </step>
                <step start='1672199929618' status='passed' stop='1672199929618'>
                    <name>Se verifica si el articulo encontrado coincide con el que buscamos</name>
                    <title>Se verifica si el articulo encontrado coincide con el que buscamos</title>
                    <attachments/>
                    <steps/>
                </step>
                <step start='1672199929639' status='passed' stop='1672199929639'>
                    <name>Regresa al home</name>
                    <title>Regresa al home</title>
                    <attachments/>
                    <steps/>
                </step>
            </steps>
            <attachments>
                <attachment title='Screenshot' source='363da8b0-2af5-45f1-9270-368189180403-attachment.png' type='image/png' size='190230'/>
            </attachments>
            <failure>
                <message>Can't call click on element with selector "homeBtn" because element wasn't found</message>
                <stack-trace>Error: Can't call click on element with selector "homeBtn" because element wasn't found
                    at implicitWait (D:\WebdriverIO-Curso-Abstracta\node_modules\webdriverio\build\utils\implicitWait.js:34:19)
                    at Element.elementErrorHandlerCallbackFn (D:\WebdriverIO-Curso-Abstracta\node_modules\webdriverio\build\middlewares.js:20:29)
                    at Element.wrapCommandFn (D:\WebdriverIO-Curso-Abstracta\node_modules\@wdio\utils\build\shim.js:137:29)
                    at HomePage.volverHome (D:\WebdriverIO-Curso-Abstracta\pages\/home.page.js:60:5)
                    at Context.&lt;anonymous> (D:\WebdriverIO-Curso-Abstracta\tests\/buscarArticulos.test.js:14:7)</stack-trace>
            </failure>
        </test-case>
    </test-cases>
</ns2:test-suite>