<?xml version='1.0'?>
<ns2:test-suite xmlns:ns2='urn:model.allure.qatools.yandex.ru' start='1671160503471' stop='1671160507805'>
    <name>Búsqueda</name>
    <title>Búsqueda</title>
    <test-cases>
        <test-case start='1671160503472' status='broken' stop='1671160506825'>
            <name>Debería buscar iPhone</name>
            <title>Debería buscar iPhone</title>
            <labels>
                <label name='language' value='javascript'/>
                <label name='framework' value='wdio'/>
                <label name='thread' value='0-1'/>
            </labels>
            <parameters>
                <parameter kind='argument' name='browser' value='chrome-108.0.5359.125'/>
            </parameters>
            <steps>
                <step start='1671160506633' status='passed' stop='1671160506633'>
                    <name>Buscar artículo: iPhone</name>
                    <title>Buscar artículo: iPhone</title>
                    <attachments/>
                    <steps/>
                </step>
            </steps>
            <attachments>
                <attachment title='Screenshot' source='b8a4b630-88ca-49c4-acd0-499ff54a4e49-attachment.png' type='image/png' size='320487'/>
            </attachments>
            <failure>
                <message>elemento.waitForClickable is not a function</message>
                <stack-trace>TypeError: elemento.waitForClickable is not a function
                    at HomePage.vaciarCampoYEnviarTexto (D:\WebdriverIO-Curso-Abstracta\pages\/base.page.js:27:20)
                    at HomePage.buscar (D:\WebdriverIO-Curso-Abstracta\pages\/home.page.js:17:17)
                    at processTicksAndRejections (node:internal/process/task_queues:95:5)
                    at Context.&lt;anonymous> (D:\WebdriverIO-Curso-Abstracta\tests\/opencart.test.js:10:8)</stack-trace>
            </failure>
        </test-case>
        <test-case start='1671160506826' status='broken' stop='1671160507319'>
            <name>Debería buscar Canon EOS 5D</name>
            <title>Debería buscar Canon EOS 5D</title>
            <labels>
                <label name='language' value='javascript'/>
                <label name='framework' value='wdio'/>
                <label name='thread' value='0-1'/>
            </labels>
            <parameters>
                <parameter kind='argument' name='browser' value='chrome-108.0.5359.125'/>
            </parameters>
            <steps>
                <step start='1671160507142' status='passed' stop='1671160507142'>
                    <name>Buscar artículo: Canon EOS 5D</name>
                    <title>Buscar artículo: Canon EOS 5D</title>
                    <attachments/>
                    <steps/>
                </step>
            </steps>
            <attachments>
                <attachment title='Screenshot' source='cc074431-734c-4c3e-a8fc-c7f31d0b8509-attachment.png' type='image/png' size='320487'/>
            </attachments>
            <failure>
                <message>elemento.waitForClickable is not a function</message>
                <stack-trace>TypeError: elemento.waitForClickable is not a function
                    at HomePage.vaciarCampoYEnviarTexto (D:\WebdriverIO-Curso-Abstracta\pages\/base.page.js:27:20)
                    at HomePage.buscar (D:\WebdriverIO-Curso-Abstracta\pages\/home.page.js:17:17)
                    at processTicksAndRejections (node:internal/process/task_queues:95:5)
                    at Context.&lt;anonymous> (D:\WebdriverIO-Curso-Abstracta\tests\/opencart.test.js:10:8)</stack-trace>
            </failure>
        </test-case>
        <test-case start='1671160507319' status='broken' stop='1671160507805'>
            <name>Debería buscar MacBook</name>
            <title>Debería buscar MacBook</title>
            <labels>
                <label name='language' value='javascript'/>
                <label name='framework' value='wdio'/>
                <label name='thread' value='0-1'/>
            </labels>
            <parameters>
                <parameter kind='argument' name='browser' value='chrome-108.0.5359.125'/>
            </parameters>
            <steps>
                <step start='1671160507625' status='passed' stop='1671160507625'>
                    <name>Buscar artículo: MacBook</name>
                    <title>Buscar artículo: MacBook</title>
                    <attachments/>
                    <steps/>
                </step>
            </steps>
            <attachments>
                <attachment title='Screenshot' source='2a3f867d-54f0-4e53-a56b-b0f78cabadee-attachment.png' type='image/png' size='320487'/>
            </attachments>
            <failure>
                <message>elemento.waitForClickable is not a function</message>
                <stack-trace>TypeError: elemento.waitForClickable is not a function
                    at HomePage.vaciarCampoYEnviarTexto (D:\WebdriverIO-Curso-Abstracta\pages\/base.page.js:27:20)
                    at HomePage.buscar (D:\WebdriverIO-Curso-Abstracta\pages\/home.page.js:17:17)
                    at processTicksAndRejections (node:internal/process/task_queues:95:5)
                    at Context.&lt;anonymous> (D:\WebdriverIO-Curso-Abstracta\tests\/opencart.test.js:10:8)</stack-trace>
            </failure>
        </test-case>
    </test-cases>
</ns2:test-suite>