<?xml version='1.0'?>
<ns2:test-suite xmlns:ns2='urn:model.allure.qatools.yandex.ru' start='1672294160662' stop='1672294165648'>
    <name>Búsqueda de varios articulos: </name>
    <title>Búsqueda de varios articulos: </title>
    <test-cases>
        <test-case start='1672294160663' status='broken' stop='1672294163238'>
            <name>Debería buscar iPhone</name>
            <title>Debería buscar iPhone</title>
            <labels>
                <label name='language' value='javascript'/>
                <label name='framework' value='wdio'/>
                <label name='thread' value='0-1'/>
            </labels>
            <parameters>
                <parameter kind='argument' name='browser' value='chrome-108.0.5359.125'/>
            </parameters>
            <steps>
                <step start='1672294160744' status='passed' stop='1672294160744'>
                    <name>Abre la pagina</name>
                    <title>Abre la pagina</title>
                    <attachments/>
                    <steps/>
                </step>
                <step start='1672294162124' status='passed' stop='1672294162124'>
                    <name>Busca el articulo que le pasamos por parámetro</name>
                    <title>Busca el articulo que le pasamos por parámetro</title>
                    <attachments/>
                    <steps/>
                </step>
                <step start='1672294163056' status='passed' stop='1672294163056'>
                    <name>Se verifica si el articulo encontrado coincide con el que buscamos</name>
                    <title>Se verifica si el articulo encontrado coincide con el que buscamos</title>
                    <attachments/>
                    <steps/>
                </step>
            </steps>
            <attachments>
                <attachment title='Screenshot' source='e7e46664-5556-4c8a-b277-7a4330cc794a-attachment.png' type='image/png' size='113776'/>
            </attachments>
            <failure>
                <message>this.obtenerTextoBusqueda.getValue is not a function</message>
                <stack-trace>TypeError: this.obtenerTextoBusqueda.getValue is not a function
                    at HomePage.obtenerTextoBusqueda (D:\WebdriverIO-Curso-Abstracta\pages\/home.page.js:40:44)
                    at Context.&lt;anonymous> (D:\WebdriverIO-Curso-Abstracta\tests\/buscarArticulos.test.js:12:35)
                    at processTicksAndRejections (node:internal/process/task_queues:95:5)</stack-trace>
            </failure>
        </test-case>
        <test-case start='1672294163238' status='broken' stop='1672294164423'>
            <name>Debería buscar Canon EOS 5D</name>
            <title>Debería buscar Canon EOS 5D</title>
            <labels>
                <label name='language' value='javascript'/>
                <label name='framework' value='wdio'/>
                <label name='thread' value='0-1'/>
            </labels>
            <parameters>
                <parameter kind='argument' name='browser' value='chrome-108.0.5359.125'/>
            </parameters>
            <steps>
                <step start='1672294163239' status='passed' stop='1672294163239'>
                    <name>Abre la pagina</name>
                    <title>Abre la pagina</title>
                    <attachments/>
                    <steps/>
                </step>
                <step start='1672294163521' status='passed' stop='1672294163521'>
                    <name>Busca el articulo que le pasamos por parámetro</name>
                    <title>Busca el articulo que le pasamos por parámetro</title>
                    <attachments/>
                    <steps/>
                </step>
                <step start='1672294164217' status='passed' stop='1672294164217'>
                    <name>Se verifica si el articulo encontrado coincide con el que buscamos</name>
                    <title>Se verifica si el articulo encontrado coincide con el que buscamos</title>
                    <attachments/>
                    <steps/>
                </step>
            </steps>
            <attachments>
                <attachment title='Screenshot' source='56d8186e-668f-4c46-bd29-e99d752dc180-attachment.png' type='image/png' size='133833'/>
            </attachments>
            <failure>
                <message>this.obtenerTextoBusqueda.getValue is not a function</message>
                <stack-trace>TypeError: this.obtenerTextoBusqueda.getValue is not a function
                    at HomePage.obtenerTextoBusqueda (D:\WebdriverIO-Curso-Abstracta\pages\/home.page.js:40:44)
                    at Context.&lt;anonymous> (D:\WebdriverIO-Curso-Abstracta\tests\/buscarArticulos.test.js:12:35)
                    at processTicksAndRejections (node:internal/process/task_queues:95:5)</stack-trace>
            </failure>
        </test-case>
        <test-case start='1672294164424' status='broken' stop='1672294165647'>
            <name>Debería buscar MacBook Air</name>
            <title>Debería buscar MacBook Air</title>
            <labels>
                <label name='language' value='javascript'/>
                <label name='framework' value='wdio'/>
                <label name='thread' value='0-1'/>
            </labels>
            <parameters>
                <parameter kind='argument' name='browser' value='chrome-108.0.5359.125'/>
            </parameters>
            <steps>
                <step start='1672294164424' status='passed' stop='1672294164424'>
                    <name>Abre la pagina</name>
                    <title>Abre la pagina</title>
                    <attachments/>
                    <steps/>
                </step>
                <step start='1672294164745' status='passed' stop='1672294164745'>
                    <name>Busca el articulo que le pasamos por parámetro</name>
                    <title>Busca el articulo que le pasamos por parámetro</title>
                    <attachments/>
                    <steps/>
                </step>
                <step start='1672294165515' status='passed' stop='1672294165515'>
                    <name>Se verifica si el articulo encontrado coincide con el que buscamos</name>
                    <title>Se verifica si el articulo encontrado coincide con el que buscamos</title>
                    <attachments/>
                    <steps/>
                </step>
            </steps>
            <attachments>
                <attachment title='Screenshot' source='02efdd99-0fec-4f21-96b4-b4e6a23e7bcd-attachment.png' type='image/png' size='114452'/>
            </attachments>
            <failure>
                <message>this.obtenerTextoBusqueda.getValue is not a function</message>
                <stack-trace>TypeError: this.obtenerTextoBusqueda.getValue is not a function
                    at HomePage.obtenerTextoBusqueda (D:\WebdriverIO-Curso-Abstracta\pages\/home.page.js:40:44)
                    at Context.&lt;anonymous> (D:\WebdriverIO-Curso-Abstracta\tests\/buscarArticulos.test.js:12:35)
                    at processTicksAndRejections (node:internal/process/task_queues:95:5)</stack-trace>
            </failure>
        </test-case>
    </test-cases>
</ns2:test-suite>