<?xml version='1.0'?>
<ns2:test-suite xmlns:ns2='urn:model.allure.qatools.yandex.ru' start='1672279309273' stop='1672279314569'>
    <name>Color</name>
    <title>Color</title>
    <test-cases>
        <test-case start='1672279309274' status='failed' stop='1672279314569'>
            <name>Debería buscar apple cinema, ingresar al artículo y seleccionar un color</name>
            <title>Debería buscar apple cinema, ingresar al artículo y seleccionar un color</title>
            <labels>
                <label name='language' value='javascript'/>
                <label name='framework' value='wdio'/>
                <label name='thread' value='0-2'/>
            </labels>
            <parameters>
                <parameter kind='argument' name='browser' value='chrome-108.0.5359.125'/>
            </parameters>
            <steps>
                <step start='1672279309326' status='passed' stop='1672279309326'>
                    <name>Ingresa al sitio web</name>
                    <title>Ingresa al sitio web</title>
                    <attachments/>
                    <steps/>
                </step>
                <step start='1672279310943' status='passed' stop='1672279310944'>
                    <name>Hace scroll hasta que se vea el footer</name>
                    <title>Hace scroll hasta que se vea el footer</title>
                    <attachments/>
                    <steps/>
                </step>
                <step start='1672279311032' status='passed' stop='1672279311032'>
                    <name>Busca apple cinema</name>
                    <title>Busca apple cinema</title>
                    <attachments/>
                    <steps/>
                </step>
                <step start='1672279314155' status='passed' stop='1672279314155'>
                    <name>Selecciona el color dos de apple cinema</name>
                    <title>Selecciona el color dos de apple cinema</title>
                    <attachments/>
                    <steps/>
                </step>
                <step start='1672279314305' status='passed' stop='1672279314305'>
                    <name>Regresa al home</name>
                    <title>Regresa al home</title>
                    <attachments/>
                    <steps/>
                </step>
            </steps>
            <attachments>
                <attachment title='Screenshot' source='d6f59053-de47-4c07-b651-fad3db3b5a22-attachment.png' type='image/png' size='205059'/>
            </attachments>
            <failure>
                <message>No se esta mostrando el boton Your Store para volver al home: expected true to be false      
                      actual expected
                      
                      truefalse
                      </message>
                <stack-trace>AssertionError: No se esta mostrando el boton Your Store para volver al home: expected true to be false
                    at Context.&lt;anonymous> (D:\WebdriverIO-Curso-Abstracta\tests\/seleccionarColor.test.js:19:124)
                    at processTicksAndRejections (node:internal/process/task_queues:95:5)</stack-trace>
            </failure>
        </test-case>
    </test-cases>
</ns2:test-suite>