<?xml version='1.0'?>
<ns2:test-suite xmlns:ns2='urn:model.allure.qatools.yandex.ru' start='1673546853324' stop='1673546866577'>
    <name>Color</name>
    <title>Color</title>
    <test-cases>
        <test-case start='1673546853325' status='failed' stop='1673546866577'>
            <name>Debería buscar apple cinema, ingresar al artículo y seleccionar un color</name>
            <title>Debería buscar apple cinema, ingresar al artículo y seleccionar un color</title>
            <labels>
                <label name='language' value='javascript'/>
                <label name='framework' value='wdio'/>
                <label name='thread' value='0-3'/>
            </labels>
            <parameters>
                <parameter kind='argument' name='browser' value='chrome-109.0.5414.74'/>
            </parameters>
            <steps>
                <step start='1673546853364' status='passed' stop='1673546853364'>
                    <name>Ingresa al sitio web</name>
                    <title>Ingresa al sitio web</title>
                    <attachments/>
                    <steps/>
                </step>
                <step start='1673546855700' status='passed' stop='1673546855700'>
                    <name>Busca un artículo</name>
                    <title>Busca un artículo</title>
                    <attachments/>
                    <steps/>
                </step>
                <step start='1673546864542' status='passed' stop='1673546864542'>
                    <name>Ingresa al producto buscado</name>
                    <title>Ingresa al producto buscado</title>
                    <attachments/>
                    <steps/>
                </step>
            </steps>
            <attachments>
                <attachment title='Screenshot' source='31356ffc-986d-49c0-a3db-bb2412ddf683-attachment.png' type='image/png' size='203202'/>
            </attachments>
            <failure>
                <message>expected 'iPhone' to equal 'Apple Cinema'      
                      actual expected
                      
                      'iPhoneApple Cinema'
                      </message>
                <stack-trace>AssertionError: expected 'iPhone' to equal 'Apple Cinema'
                    at Context.&lt;anonymous> (D:\WebdriverIO-Curso-Abstracta\tests\/seleccionarColor.test.js:18:64)
                    at processTicksAndRejections (node:internal/process/task_queues:95:5)</stack-trace>
            </failure>
        </test-case>
    </test-cases>
</ns2:test-suite>