<?xml version='1.0'?>
<ns2:test-suite xmlns:ns2='urn:model.allure.qatools.yandex.ru' start='1669812814093' stop='1669812820141'>
    <name>Búsqueda</name>
    <title>Búsqueda</title>
    <test-cases>
        <test-case start='1669812814093' status='broken' stop='1669812817130'>
            <name>Debería buscar iPhone</name>
            <title>Debería buscar iPhone</title>
            <labels>
                <label name='language' value='javascript'/>
                <label name='framework' value='wdio'/>
                <label name='thread' value='0-0'/>
            </labels>
            <parameters>
                <parameter kind='argument' name='browser' value='chrome-107.0.5304.122'/>
            </parameters>
            <steps>
                <step start='1669812816189' status='passed' stop='1669812816190'>
                    <name>Buscar artículo: iPhone</name>
                    <title>Buscar artículo: iPhone</title>
                    <attachments/>
                    <steps/>
                </step>
                <step start='1669812816929' status='passed' stop='1669812816929'>
                    <name>Obtener texto de la barra de búsqueda</name>
                    <title>Obtener texto de la barra de búsqueda</title>
                    <attachments/>
                    <steps/>
                </step>
                <step start='1669812816960' status='passed' stop='1669812816960'>
                    <name>Obtener texto de la barra de búsqueda</name>
                    <title>Obtener texto de la barra de búsqueda</title>
                    <attachments/>
                    <steps/>
                </step>
            </steps>
            <attachments>
                <attachment title='Screenshot' source='b84e30ee-39c7-404b-82a5-8c5fa6b61849-attachment.png' type='image/png' size='113776'/>
            </attachments>
            <failure>
                <message>Cannot read properties of undefined (reading 'equal')</message>
                <stack-trace>TypeError: Cannot read properties of undefined (reading 'equal')
                    at Context.&lt;anonymous> (D:\WebdriverIO-Curso-Abstracta\tests\/opencart.test.js:13:62)
                    at processTicksAndRejections (node:internal/process/task_queues:95:5)</stack-trace>
            </failure>
        </test-case>
        <test-case start='1669812817131' status='broken' stop='1669812818569'>
            <name>Debería buscar Canon EOS 5D</name>
            <title>Debería buscar Canon EOS 5D</title>
            <labels>
                <label name='language' value='javascript'/>
                <label name='framework' value='wdio'/>
                <label name='thread' value='0-0'/>
            </labels>
            <parameters>
                <parameter kind='argument' name='browser' value='chrome-107.0.5304.122'/>
            </parameters>
            <steps>
                <step start='1669812817497' status='passed' stop='1669812817497'>
                    <name>Buscar artículo: Canon EOS 5D</name>
                    <title>Buscar artículo: Canon EOS 5D</title>
                    <attachments/>
                    <steps/>
                </step>
                <step start='1669812818347' status='passed' stop='1669812818347'>
                    <name>Obtener texto de la barra de búsqueda</name>
                    <title>Obtener texto de la barra de búsqueda</title>
                    <attachments/>
                    <steps/>
                </step>
                <step start='1669812818417' status='passed' stop='1669812818417'>
                    <name>Obtener texto de la barra de búsqueda</name>
                    <title>Obtener texto de la barra de búsqueda</title>
                    <attachments/>
                    <steps/>
                </step>
            </steps>
            <attachments>
                <attachment title='Screenshot' source='87044471-eab2-49a1-ae1e-2aa47fa7fc11-attachment.png' type='image/png' size='133833'/>
            </attachments>
            <failure>
                <message>Cannot read properties of undefined (reading 'equal')</message>
                <stack-trace>TypeError: Cannot read properties of undefined (reading 'equal')
                    at Context.&lt;anonymous> (D:\WebdriverIO-Curso-Abstracta\tests\/opencart.test.js:13:62)
                    at processTicksAndRejections (node:internal/process/task_queues:95:5)</stack-trace>
            </failure>
        </test-case>
        <test-case start='1669812818570' status='broken' stop='1669812820140'>
            <name>Debería buscar MacBook</name>
            <title>Debería buscar MacBook</title>
            <labels>
                <label name='language' value='javascript'/>
                <label name='framework' value='wdio'/>
                <label name='thread' value='0-0'/>
            </labels>
            <parameters>
                <parameter kind='argument' name='browser' value='chrome-107.0.5304.122'/>
            </parameters>
            <steps>
                <step start='1669812819011' status='passed' stop='1669812819011'>
                    <name>Buscar artículo: MacBook</name>
                    <title>Buscar artículo: MacBook</title>
                    <attachments/>
                    <steps/>
                </step>
                <step start='1669812819882' status='passed' stop='1669812819882'>
                    <name>Obtener texto de la barra de búsqueda</name>
                    <title>Obtener texto de la barra de búsqueda</title>
                    <attachments/>
                    <steps/>
                </step>
                <step start='1669812819952' status='passed' stop='1669812819952'>
                    <name>Obtener texto de la barra de búsqueda</name>
                    <title>Obtener texto de la barra de búsqueda</title>
                    <attachments/>
                    <steps/>
                </step>
            </steps>
            <attachments>
                <attachment title='Screenshot' source='6f2213d5-895a-4b41-b445-115b768725a5-attachment.png' type='image/png' size='185657'/>
            </attachments>
            <failure>
                <message>Cannot read properties of undefined (reading 'equal')</message>
                <stack-trace>TypeError: Cannot read properties of undefined (reading 'equal')
                    at Context.&lt;anonymous> (D:\WebdriverIO-Curso-Abstracta\tests\/opencart.test.js:13:62)
                    at processTicksAndRejections (node:internal/process/task_queues:95:5)</stack-trace>
            </failure>
        </test-case>
    </test-cases>
</ns2:test-suite>