<?xml version='1.0'?>
<ns2:test-suite xmlns:ns2='urn:model.allure.qatools.yandex.ru' start='1673550186503' stop='1673550191572'>
    <name>Color</name>
    <title>Color</title>
    <test-cases>
        <test-case start='1673550186504' status='failed' stop='1673550191571'>
            <name>Debería buscar apple cinema, ingresar al artículo y seleccionar un color</name>
            <title>Debería buscar apple cinema, ingresar al artículo y seleccionar un color</title>
            <labels>
                <label name='language' value='javascript'/>
                <label name='framework' value='wdio'/>
                <label name='thread' value='0-3'/>
            </labels>
            <parameters>
                <parameter kind='argument' name='browser' value='chrome-109.0.5414.74'/>
            </parameters>
            <steps>
                <step start='1673550186537' status='passed' stop='1673550186537'>
                    <name>Ingresa al sitio web</name>
                    <title>Ingresa al sitio web</title>
                    <attachments/>
                    <steps/>
                </step>
                <step start='1673550188751' status='passed' stop='1673550188751'>
                    <name>Busca un artículo</name>
                    <title>Busca un artículo</title>
                    <attachments/>
                    <steps/>
                </step>
                <step start='1673550189605' status='passed' stop='1673550189605'>
                    <name>Ingresa al producto buscado</name>
                    <title>Ingresa al producto buscado</title>
                    <attachments/>
                    <steps/>
                </step>
                <step start='1673550191220' status='passed' stop='1673550191220'>
                    <name>Selecciona el color</name>
                    <title>Selecciona el color</title>
                    <attachments/>
                    <steps/>
                </step>
            </steps>
            <attachments>
                <attachment title='Screenshot' source='5b8ff131-800b-4273-92b2-216af0f37833-attachment.png' type='image/png' size='168349'/>
            </attachments>
            <failure>
                <message>expected '                 --- Please Select ---\n                                Red (+$4.80)\n                                Blue (+$3.60)\n                                Green (+$1.20)\n                                Yellow (+$2.40)\n                              ' to equal 2      
                      actual expected
                      
                      '                 --- Please Select ---\n                                Red (+$4.80)\n                                Blue (+$3.60)\n                                Green (+$1.20)\n                                Yellow (+$2.40)\n                              '
                      </message>
                <stack-trace>AssertionError: expected '                 --- Please Select ---\n                                Red (+$4.80)\n                                Blue (+$3.60)\n                                Green (+$1.20)\n                                Yellow (+$2.40)\n                              ' to equal 2
                    at Context.&lt;anonymous> (D:\WebdriverIO-Curso-Abstracta\tests\/seleccionarColor.test.js:22:59)
                    at processTicksAndRejections (node:internal/process/task_queues:95:5)</stack-trace>
            </failure>
        </test-case>
    </test-cases>
</ns2:test-suite>