<?xml version='1.0'?>
<ns2:test-suite xmlns:ns2='urn:model.allure.qatools.yandex.ru' start='1672287678846' stop='1672287683606'>
    <name>Carrito</name>
    <title>Carrito</title>
    <test-cases>
        <test-case start='1672287678847' status='failed' stop='1672287683606'>
            <name>Debería añadir el articulo al carro</name>
            <title>Debería añadir el articulo al carro</title>
            <labels>
                <label name='language' value='javascript'/>
                <label name='framework' value='wdio'/>
                <label name='thread' value='0-0'/>
            </labels>
            <parameters>
                <parameter kind='argument' name='browser' value='chrome-108.0.5359.125'/>
            </parameters>
            <steps>
                <step start='1672287678940' status='passed' stop='1672287678940'>
                    <name>Ingresa al sitio web</name>
                    <title>Ingresa al sitio web</title>
                    <attachments/>
                    <steps/>
                </step>
                <step start='1672287680457' status='passed' stop='1672287680457'>
                    <name>Busca iphone</name>
                    <title>Busca iphone</title>
                    <attachments/>
                    <steps/>
                </step>
                <step start='1672287681397' status='passed' stop='1672287681397'>
                    <name>Ingresa al resultado de la busqueda</name>
                    <title>Ingresa al resultado de la busqueda</title>
                    <attachments/>
                    <steps/>
                </step>
                <step start='1672287683022' status='passed' stop='1672287683022'>
                    <name>Ingresa el producto al carrito</name>
                    <title>Ingresa el producto al carrito</title>
                    <attachments/>
                    <steps/>
                </step>
                <step start='1672287683140' status='passed' stop='1672287683140'>
                    <name>Ingresa al carrito</name>
                    <title>Ingresa al carrito</title>
                    <attachments/>
                    <steps/>
                </step>
                <step start='1672287683222' status='passed' stop='1672287683222'>
                    <name>Verifica que el producto este en el carrito</name>
                    <title>Verifica que el producto este en el carrito</title>
                    <attachments/>
                    <steps/>
                </step>
            </steps>
            <attachments>
                <attachment title='Screenshot' source='91c9598f-474c-4589-a3b4-e54de7b18b27-attachment.png' type='image/png' size='173410'/>
            </attachments>
            <failure>
                <message>El producto seleccionado no se encuentra dentro del carrito: expected false to be true      
                      actual expected
                      
                      falsetrue
                      </message>
                <stack-trace>AssertionError: El producto seleccionado no se encuentra dentro del carrito: expected false to be true
                    at Context.&lt;anonymous> (D:\WebdriverIO-Curso-Abstracta\tests\/añadirAlCarro.test.js:20:125)
                    at processTicksAndRejections (node:internal/process/task_queues:95:5)</stack-trace>
            </failure>
        </test-case>
    </test-cases>
</ns2:test-suite>