<?xml version='1.0'?>
<ns2:test-suite xmlns:ns2='urn:model.allure.qatools.yandex.ru' start='1672284967309' stop='1672284971847'>
    <name>Carrito</name>
    <title>Carrito</title>
    <test-cases>
        <test-case start='1672284967309' status='failed' stop='1672284971846'>
            <name>Debería añadir el articulo al carro</name>
            <title>Debería añadir el articulo al carro</title>
            <labels>
                <label name='language' value='javascript'/>
                <label name='framework' value='wdio'/>
                <label name='thread' value='0-0'/>
            </labels>
            <parameters>
                <parameter kind='argument' name='browser' value='chrome-108.0.5359.125'/>
            </parameters>
            <steps>
                <step start='1672284967431' status='passed' stop='1672284967431'>
                    <name>Ingresa al sitio web</name>
                    <title>Ingresa al sitio web</title>
                    <attachments/>
                    <steps/>
                </step>
                <step start='1672284968779' status='passed' stop='1672284968779'>
                    <name>Busca iphone</name>
                    <title>Busca iphone</title>
                    <attachments/>
                    <steps/>
                </step>
                <step start='1672284969643' status='passed' stop='1672284969643'>
                    <name>Ingresa al resultado de la busqueda</name>
                    <title>Ingresa al resultado de la busqueda</title>
                    <attachments/>
                    <steps/>
                </step>
            </steps>
            <attachments>
                <attachment title='Screenshot' source='2bd02046-fec9-44f4-9300-13db09f032dc-attachment.png' type='image/png' size='185185'/>
            </attachments>
            <failure>
                <message>No se esta mostrando el iphone: expected true to be false      
                      actual expected
                      
                      truefalse
                      </message>
                <stack-trace>AssertionError: No se esta mostrando el iphone: expected true to be false
                    at Context.&lt;anonymous> (D:\WebdriverIO-Curso-Abstracta\tests\/añadirAlCarro.test.js:13:93)
                    at processTicksAndRejections (node:internal/process/task_queues:95:5)</stack-trace>
            </failure>
        </test-case>
    </test-cases>
</ns2:test-suite>