<?xml version='1.0'?>
<ns2:test-suite xmlns:ns2='urn:model.allure.qatools.yandex.ru' start='1671160229054' stop='1671160233467'>
    <name>Búsqueda</name>
    <title>Búsqueda</title>
    <test-cases>
        <test-case start='1671160229054' status='broken' stop='1671160232453'>
            <name>Debería buscar iPhone</name>
            <title>Debería buscar iPhone</title>
            <labels>
                <label name='language' value='javascript'/>
                <label name='framework' value='wdio'/>
                <label name='thread' value='0-1'/>
            </labels>
            <parameters>
                <parameter kind='argument' name='browser' value='chrome-108.0.5359.125'/>
            </parameters>
            <steps>
                <step start='1671160232237' status='passed' stop='1671160232237'>
                    <name>Buscar artículo: iPhone</name>
                    <title>Buscar artículo: iPhone</title>
                    <attachments/>
                    <steps/>
                </step>
            </steps>
            <attachments>
                <attachment title='Screenshot' source='37111fa0-389b-4d83-a9dc-08bfb7a97988-attachment.png' type='image/png' size='320487'/>
            </attachments>
            <failure>
                <message>elemento.waitForClickable is not a function</message>
                <stack-trace>TypeError: elemento.waitForClickable is not a function
                    at HomePage.vaciarCampoYEnviarTexto (D:\WebdriverIO-Curso-Abstracta\pages\/base.page.js:27:20)
                    at HomePage.buscar (D:\WebdriverIO-Curso-Abstracta\pages\/home.page.js:17:17)
                    at processTicksAndRejections (node:internal/process/task_queues:95:5)
                    at Context.&lt;anonymous> (D:\WebdriverIO-Curso-Abstracta\tests\/opencart.test.js:10:8)</stack-trace>
            </failure>
        </test-case>
        <test-case start='1671160232454' status='broken' stop='1671160232967'>
            <name>Debería buscar Canon EOS 5D</name>
            <title>Debería buscar Canon EOS 5D</title>
            <labels>
                <label name='language' value='javascript'/>
                <label name='framework' value='wdio'/>
                <label name='thread' value='0-1'/>
            </labels>
            <parameters>
                <parameter kind='argument' name='browser' value='chrome-108.0.5359.125'/>
            </parameters>
            <steps>
                <step start='1671160232778' status='passed' stop='1671160232778'>
                    <name>Buscar artículo: Canon EOS 5D</name>
                    <title>Buscar artículo: Canon EOS 5D</title>
                    <attachments/>
                    <steps/>
                </step>
            </steps>
            <attachments>
                <attachment title='Screenshot' source='5798d2cd-ffe0-47a6-8bd5-1e941b1ee901-attachment.png' type='image/png' size='320487'/>
            </attachments>
            <failure>
                <message>elemento.waitForClickable is not a function</message>
                <stack-trace>TypeError: elemento.waitForClickable is not a function
                    at HomePage.vaciarCampoYEnviarTexto (D:\WebdriverIO-Curso-Abstracta\pages\/base.page.js:27:20)
                    at HomePage.buscar (D:\WebdriverIO-Curso-Abstracta\pages\/home.page.js:17:17)
                    at processTicksAndRejections (node:internal/process/task_queues:95:5)
                    at Context.&lt;anonymous> (D:\WebdriverIO-Curso-Abstracta\tests\/opencart.test.js:10:8)</stack-trace>
            </failure>
        </test-case>
        <test-case start='1671160232968' status='broken' stop='1671160233466'>
            <name>Debería buscar MacBook</name>
            <title>Debería buscar MacBook</title>
            <labels>
                <label name='language' value='javascript'/>
                <label name='framework' value='wdio'/>
                <label name='thread' value='0-1'/>
            </labels>
            <parameters>
                <parameter kind='argument' name='browser' value='chrome-108.0.5359.125'/>
            </parameters>
            <steps>
                <step start='1671160233284' status='passed' stop='1671160233284'>
                    <name>Buscar artículo: MacBook</name>
                    <title>Buscar artículo: MacBook</title>
                    <attachments/>
                    <steps/>
                </step>
            </steps>
            <attachments>
                <attachment title='Screenshot' source='a134df82-460c-402b-9773-7c86a377bc9a-attachment.png' type='image/png' size='320487'/>
            </attachments>
            <failure>
                <message>elemento.waitForClickable is not a function</message>
                <stack-trace>TypeError: elemento.waitForClickable is not a function
                    at HomePage.vaciarCampoYEnviarTexto (D:\WebdriverIO-Curso-Abstracta\pages\/base.page.js:27:20)
                    at HomePage.buscar (D:\WebdriverIO-Curso-Abstracta\pages\/home.page.js:17:17)
                    at processTicksAndRejections (node:internal/process/task_queues:95:5)
                    at Context.&lt;anonymous> (D:\WebdriverIO-Curso-Abstracta\tests\/opencart.test.js:10:8)</stack-trace>
            </failure>
        </test-case>
    </test-cases>
</ns2:test-suite>