<?xml version='1.0'?>
<ns2:test-suite xmlns:ns2='urn:model.allure.qatools.yandex.ru' start='1671157507268' stop='1671157537817'>
    <name>Búsqueda</name>
    <title>Búsqueda</title>
    <test-cases>
        <test-case start='1671157507269' status='broken' stop='1671157517520'>
            <name>Debería buscar iPhone</name>
            <title>Debería buscar iPhone</title>
            <labels>
                <label name='language' value='javascript'/>
                <label name='framework' value='wdio'/>
                <label name='thread' value='0-1'/>
            </labels>
            <parameters>
                <parameter kind='argument' name='browser' value='chrome-108.0.5359.125'/>
            </parameters>
            <steps>
                <step start='1671157507349' status='passed' stop='1671157507349'>
                    <name>Buscar artículo: iPhone</name>
                    <title>Buscar artículo: iPhone</title>
                    <attachments/>
                    <steps/>
                </step>
            </steps>
            <attachments>
                <attachment title='Screenshot' source='250f6dd1-0720-43ef-8ab1-6d81e35987d0-attachment.png' type='image/png' size='9090'/>
            </attachments>
            <failure>
                <message>element ("[name="search"]") still not clickable after 10000ms</message>
                <stack-trace>Error: element ("[name="search"]") still not clickable after 10000ms
                    at D:\WebdriverIO-Curso-Abstracta\node_modules\webdriverio\build\commands\browser\waitUntil.js:66:23
                    at Element.wrapCommandFn (D:\WebdriverIO-Curso-Abstracta\node_modules\@wdio\utils\build\shim.js:137:29)
                    at Element.elementErrorHandlerCallbackFn (D:\WebdriverIO-Curso-Abstracta\node_modules\webdriverio\build\middlewares.js:24:32)
                    at Element.wrapCommandFn (D:\WebdriverIO-Curso-Abstracta\node_modules\@wdio\utils\build\shim.js:137:29)
                    at Element.wrapCommandFn (D:\WebdriverIO-Curso-Abstracta\node_modules\@wdio\utils\build\shim.js:137:29)
                    at Element.elementErrorHandlerCallbackFn (D:\WebdriverIO-Curso-Abstracta\node_modules\webdriverio\build\middlewares.js:24:32)
                    at Element.wrapCommandFn (D:\WebdriverIO-Curso-Abstracta\node_modules\@wdio\utils\build\shim.js:137:29)
                    at HomePage.vaciarCampoYEnviarTexto (D:\WebdriverIO-Curso-Abstracta\pages\/base.page.js:27:5)
                    at HomePage.buscar (D:\WebdriverIO-Curso-Abstracta\pages\/home.page.js:17:5)
                    at Context.&lt;anonymous> (D:\WebdriverIO-Curso-Abstracta\tests\/opencart.test.js:10:8)</stack-trace>
            </failure>
        </test-case>
        <test-case start='1671157517521' status='broken' stop='1671157527648'>
            <name>Debería buscar Canon EOS 5D</name>
            <title>Debería buscar Canon EOS 5D</title>
            <labels>
                <label name='language' value='javascript'/>
                <label name='framework' value='wdio'/>
                <label name='thread' value='0-1'/>
            </labels>
            <parameters>
                <parameter kind='argument' name='browser' value='chrome-108.0.5359.125'/>
            </parameters>
            <steps>
                <step start='1671157517521' status='passed' stop='1671157517521'>
                    <name>Buscar artículo: Canon EOS 5D</name>
                    <title>Buscar artículo: Canon EOS 5D</title>
                    <attachments/>
                    <steps/>
                </step>
            </steps>
            <attachments>
                <attachment title='Screenshot' source='c4506305-78db-4b09-a1c2-449dfc88011f-attachment.png' type='image/png' size='9090'/>
            </attachments>
            <failure>
                <message>element ("[name="search"]") still not clickable after 10000ms</message>
                <stack-trace>Error: element ("[name="search"]") still not clickable after 10000ms
                    at D:\WebdriverIO-Curso-Abstracta\node_modules\webdriverio\build\commands\browser\waitUntil.js:66:23
                    at Element.wrapCommandFn (D:\WebdriverIO-Curso-Abstracta\node_modules\@wdio\utils\build\shim.js:137:29)
                    at Element.elementErrorHandlerCallbackFn (D:\WebdriverIO-Curso-Abstracta\node_modules\webdriverio\build\middlewares.js:24:32)
                    at Element.wrapCommandFn (D:\WebdriverIO-Curso-Abstracta\node_modules\@wdio\utils\build\shim.js:137:29)
                    at Element.wrapCommandFn (D:\WebdriverIO-Curso-Abstracta\node_modules\@wdio\utils\build\shim.js:137:29)
                    at Element.elementErrorHandlerCallbackFn (D:\WebdriverIO-Curso-Abstracta\node_modules\webdriverio\build\middlewares.js:24:32)
                    at Element.wrapCommandFn (D:\WebdriverIO-Curso-Abstracta\node_modules\@wdio\utils\build\shim.js:137:29)
                    at HomePage.vaciarCampoYEnviarTexto (D:\WebdriverIO-Curso-Abstracta\pages\/base.page.js:27:5)
                    at HomePage.buscar (D:\WebdriverIO-Curso-Abstracta\pages\/home.page.js:17:5)
                    at Context.&lt;anonymous> (D:\WebdriverIO-Curso-Abstracta\tests\/opencart.test.js:10:8)</stack-trace>
            </failure>
        </test-case>
        <test-case start='1671157527648' status='broken' stop='1671157537816'>
            <name>Debería buscar MacBook</name>
            <title>Debería buscar MacBook</title>
            <labels>
                <label name='language' value='javascript'/>
                <label name='framework' value='wdio'/>
                <label name='thread' value='0-1'/>
            </labels>
            <parameters>
                <parameter kind='argument' name='browser' value='chrome-108.0.5359.125'/>
            </parameters>
            <steps>
                <step start='1671157527649' status='passed' stop='1671157527649'>
                    <name>Buscar artículo: MacBook</name>
                    <title>Buscar artículo: MacBook</title>
                    <attachments/>
                    <steps/>
                </step>
            </steps>
            <attachments>
                <attachment title='Screenshot' source='835a3c22-5a79-4a40-a45f-2a07f5de96c7-attachment.png' type='image/png' size='9090'/>
            </attachments>
            <failure>
                <message>element ("[name="search"]") still not clickable after 10000ms</message>
                <stack-trace>Error: element ("[name="search"]") still not clickable after 10000ms
                    at D:\WebdriverIO-Curso-Abstracta\node_modules\webdriverio\build\commands\browser\waitUntil.js:66:23
                    at Element.wrapCommandFn (D:\WebdriverIO-Curso-Abstracta\node_modules\@wdio\utils\build\shim.js:137:29)
                    at Element.elementErrorHandlerCallbackFn (D:\WebdriverIO-Curso-Abstracta\node_modules\webdriverio\build\middlewares.js:24:32)
                    at Element.wrapCommandFn (D:\WebdriverIO-Curso-Abstracta\node_modules\@wdio\utils\build\shim.js:137:29)
                    at Element.wrapCommandFn (D:\WebdriverIO-Curso-Abstracta\node_modules\@wdio\utils\build\shim.js:137:29)
                    at Element.elementErrorHandlerCallbackFn (D:\WebdriverIO-Curso-Abstracta\node_modules\webdriverio\build\middlewares.js:24:32)
                    at Element.wrapCommandFn (D:\WebdriverIO-Curso-Abstracta\node_modules\@wdio\utils\build\shim.js:137:29)
                    at HomePage.vaciarCampoYEnviarTexto (D:\WebdriverIO-Curso-Abstracta\pages\/base.page.js:27:5)
                    at HomePage.buscar (D:\WebdriverIO-Curso-Abstracta\pages\/home.page.js:17:5)
                    at Context.&lt;anonymous> (D:\WebdriverIO-Curso-Abstracta\tests\/opencart.test.js:10:8)</stack-trace>
            </failure>
        </test-case>
    </test-cases>
</ns2:test-suite>