<?xml version='1.0'?>
<ns2:test-suite xmlns:ns2='urn:model.allure.qatools.yandex.ru' start='1673547006240' stop='1673547011496'>
    <name>Color</name>
    <title>Color</title>
    <test-cases>
        <test-case start='1673547006241' status='failed' stop='1673547011495'>
            <name>Debería buscar apple cinema, ingresar al artículo y seleccionar un color</name>
            <title>Debería buscar apple cinema, ingresar al artículo y seleccionar un color</title>
            <labels>
                <label name='language' value='javascript'/>
                <label name='framework' value='wdio'/>
                <label name='thread' value='0-3'/>
            </labels>
            <parameters>
                <parameter kind='argument' name='browser' value='chrome-109.0.5414.74'/>
            </parameters>
            <steps>
                <step start='1673547006275' status='passed' stop='1673547006276'>
                    <name>Ingresa al sitio web</name>
                    <title>Ingresa al sitio web</title>
                    <attachments/>
                    <steps/>
                </step>
                <step start='1673547008608' status='passed' stop='1673547008608'>
                    <name>Busca un artículo</name>
                    <title>Busca un artículo</title>
                    <attachments/>
                    <steps/>
                </step>
                <step start='1673547009599' status='passed' stop='1673547009599'>
                    <name>Ingresa al producto buscado</name>
                    <title>Ingresa al producto buscado</title>
                    <attachments/>
                    <steps/>
                </step>
            </steps>
            <attachments>
                <attachment title='Screenshot' source='9bedf5da-e467-499f-aa4e-77ae2f46477a-attachment.png' type='image/png' size='202692'/>
            </attachments>
            <failure>
                <message>expected 'iPhone' to equal 'Apple Cinema'      
                      actual expected
                      
                      'iPhoneApple Cinema'
                      </message>
                <stack-trace>AssertionError: expected 'iPhone' to equal 'Apple Cinema'
                    at Context.&lt;anonymous> (D:\WebdriverIO-Curso-Abstracta\tests\/seleccionarColor.test.js:17:64)
                    at processTicksAndRejections (node:internal/process/task_queues:95:5)</stack-trace>
            </failure>
        </test-case>
    </test-cases>
</ns2:test-suite>