<?xml version='1.0'?>
<ns2:test-suite xmlns:ns2='urn:model.allure.qatools.yandex.ru' start='1673137451283' stop='1673137454606'>
    <name>Menu</name>
    <title>Menu</title>
    <test-cases>
        <test-case start='1673137451284' status='failed' stop='1673137454601'>
            <name>Debería ingresar a Desktops/Mac y verificar que haya algún producto</name>
            <title>Debería ingresar a Desktops/Mac y verificar que haya algún producto</title>
            <labels>
                <label name='language' value='javascript'/>
                <label name='framework' value='wdio'/>
                <label name='thread' value='0-2'/>
            </labels>
            <parameters>
                <parameter kind='argument' name='browser' value='chrome-108.0.5359.125'/>
            </parameters>
            <steps>
                <step start='1673137451388' status='passed' stop='1673137451388'>
                    <name>Ingresa al sitio web</name>
                    <title>Ingresa al sitio web</title>
                    <attachments/>
                    <steps/>
                </step>
                <step start='1673137453628' status='passed' stop='1673137453628'>
                    <name>Abre el menu de Desktops</name>
                    <title>Abre el menu de Desktops</title>
                    <attachments/>
                    <steps/>
                </step>
                <step start='1673137453718' status='passed' stop='1673137453718'>
                    <name>Ingresa a mac</name>
                    <title>Ingresa a mac</title>
                    <attachments/>
                    <steps/>
                </step>
                <step start='1673137454343' status='passed' stop='1673137454343'>
                    <name>Verifica que haya algun producto</name>
                    <title>Verifica que haya algun producto</title>
                    <attachments/>
                    <steps/>
                </step>
            </steps>
            <attachments>
                <attachment title='Screenshot' source='158916a1-963b-412a-b6ce-00eb6574ca4c-attachment.png' type='image/png' size='127743'/>
            </attachments>
            <failure>
                <message>expected {} to equal 'Mac'</message>
                <stack-trace>AssertionError: expected {} to equal 'Mac'
                    at Context.&lt;anonymous> (D:\WebdriverIO-Curso-Abstracta\tests\/menuMac.test.js:19:46)
                    at processTicksAndRejections (node:internal/process/task_queues:95:5)</stack-trace>
            </failure>
        </test-case>
    </test-cases>
</ns2:test-suite>