<?xml version='1.0'?>
<ns2:test-suite xmlns:ns2='urn:model.allure.qatools.yandex.ru' start='1669774879461' stop='1669774885627'>
    <name>Búsqueda</name>
    <title>Búsqueda</title>
    <test-cases>
        <test-case start='1669774879461' status='broken' stop='1669774883151'>
            <name>Debería buscar iPhone</name>
            <title>Debería buscar iPhone</title>
            <labels>
                <label name='language' value='javascript'/>
                <label name='framework' value='wdio'/>
                <label name='thread' value='0-0'/>
            </labels>
            <parameters>
                <parameter kind='argument' name='browser' value='chrome-107.0.5304.122'/>
            </parameters>
            <steps>
                <step start='1669774882246' status='passed' stop='1669774882246'>
                    <name>Buscar artículo: iPhone</name>
                    <title>Buscar artículo: iPhone</title>
                    <attachments/>
                    <steps/>
                </step>
                <step start='1669774882976' status='passed' stop='1669774882976'>
                    <name>Obtener texto de la barra de búsqueda</name>
                    <title>Obtener texto de la barra de búsqueda</title>
                    <attachments/>
                    <steps/>
                </step>
            </steps>
            <attachments>
                <attachment title='Screenshot' source='17f0800f-d341-41c2-8818-689bfaf62d40-attachment.png' type='image/png' size='113776'/>
            </attachments>
            <failure>
                <message>Cannot read properties of undefined (reading 'equal')</message>
                <stack-trace>TypeError: Cannot read properties of undefined (reading 'equal')
                    at Context.&lt;anonymous> (D:\WebdriverIO-Curso-Abstracta\tests\/opencart.test.js:11:62)
                    at processTicksAndRejections (node:internal/process/task_queues:95:5)</stack-trace>
            </failure>
        </test-case>
        <test-case start='1669774883152' status='broken' stop='1669774884388'>
            <name>Debería buscar Canon EOS 5D</name>
            <title>Debería buscar Canon EOS 5D</title>
            <labels>
                <label name='language' value='javascript'/>
                <label name='framework' value='wdio'/>
                <label name='thread' value='0-0'/>
            </labels>
            <parameters>
                <parameter kind='argument' name='browser' value='chrome-107.0.5304.122'/>
            </parameters>
            <steps>
                <step start='1669774883505' status='passed' stop='1669774883505'>
                    <name>Buscar artículo: Canon EOS 5D</name>
                    <title>Buscar artículo: Canon EOS 5D</title>
                    <attachments/>
                    <steps/>
                </step>
                <step start='1669774884251' status='passed' stop='1669774884251'>
                    <name>Obtener texto de la barra de búsqueda</name>
                    <title>Obtener texto de la barra de búsqueda</title>
                    <attachments/>
                    <steps/>
                </step>
            </steps>
            <attachments>
                <attachment title='Screenshot' source='446271a7-8683-46f1-b5cc-60b5bcad7d80-attachment.png' type='image/png' size='133833'/>
            </attachments>
            <failure>
                <message>Cannot read properties of undefined (reading 'equal')</message>
                <stack-trace>TypeError: Cannot read properties of undefined (reading 'equal')
                    at Context.&lt;anonymous> (D:\WebdriverIO-Curso-Abstracta\tests\/opencart.test.js:11:62)
                    at processTicksAndRejections (node:internal/process/task_queues:95:5)</stack-trace>
            </failure>
        </test-case>
        <test-case start='1669774884388' status='broken' stop='1669774885627'>
            <name>Debería buscar MacBook</name>
            <title>Debería buscar MacBook</title>
            <labels>
                <label name='language' value='javascript'/>
                <label name='framework' value='wdio'/>
                <label name='thread' value='0-0'/>
            </labels>
            <parameters>
                <parameter kind='argument' name='browser' value='chrome-107.0.5304.122'/>
            </parameters>
            <steps>
                <step start='1669774884735' status='passed' stop='1669774884735'>
                    <name>Buscar artículo: MacBook</name>
                    <title>Buscar artículo: MacBook</title>
                    <attachments/>
                    <steps/>
                </step>
                <step start='1669774885471' status='passed' stop='1669774885471'>
                    <name>Obtener texto de la barra de búsqueda</name>
                    <title>Obtener texto de la barra de búsqueda</title>
                    <attachments/>
                    <steps/>
                </step>
            </steps>
            <attachments>
                <attachment title='Screenshot' source='cabdcf22-c034-43f6-8fa5-233d466e45e2-attachment.png' type='image/png' size='190593'/>
            </attachments>
            <failure>
                <message>Cannot read properties of undefined (reading 'equal')</message>
                <stack-trace>TypeError: Cannot read properties of undefined (reading 'equal')
                    at Context.&lt;anonymous> (D:\WebdriverIO-Curso-Abstracta\tests\/opencart.test.js:11:62)
                    at processTicksAndRejections (node:internal/process/task_queues:95:5)</stack-trace>
            </failure>
        </test-case>
    </test-cases>
</ns2:test-suite>