<?xml version='1.0'?>
<ns2:test-suite xmlns:ns2='urn:model.allure.qatools.yandex.ru' start='1671157644554' stop='1671157644998'>
    <name>Búsqueda</name>
    <title>Búsqueda</title>
    <test-cases>
        <test-case start='1671157644554' status='broken' stop='1671157644783'>
            <name>Debería buscar iPhone</name>
            <title>Debería buscar iPhone</title>
            <labels>
                <label name='language' value='javascript'/>
                <label name='framework' value='wdio'/>
                <label name='thread' value='0-1'/>
            </labels>
            <parameters>
                <parameter kind='argument' name='browser' value='chrome-108.0.5359.125'/>
            </parameters>
            <steps/>
            <attachments>
                <attachment title='Screenshot' source='c89ef905-c434-4cc5-ab32-abd77c112ba4-attachment.png' type='image/png' size='9090'/>
            </attachments>
            <failure>
                <message>base is not defined</message>
                <stack-trace>ReferenceError: base is not defined
                    at Context.&lt;anonymous> (D:\WebdriverIO-Curso-Abstracta\tests\/opencart.test.js:9:8)
                    at Context.executeAsync (D:\WebdriverIO-Curso-Abstracta\node_modules\@wdio\utils\build\shim.js:333:27)
                    at Context.testFrameworkFnWrapper (D:\WebdriverIO-Curso-Abstracta\node_modules\@wdio\utils\build\test-framework\testFnWrapper.js:51:32)</stack-trace>
            </failure>
        </test-case>
        <test-case start='1671157644783' status='broken' stop='1671157644894'>
            <name>Debería buscar Canon EOS 5D</name>
            <title>Debería buscar Canon EOS 5D</title>
            <labels>
                <label name='language' value='javascript'/>
                <label name='framework' value='wdio'/>
                <label name='thread' value='0-1'/>
            </labels>
            <parameters>
                <parameter kind='argument' name='browser' value='chrome-108.0.5359.125'/>
            </parameters>
            <steps/>
            <attachments>
                <attachment title='Screenshot' source='e9b18d3a-ea66-4ce7-8ee7-df56471ccecd-attachment.png' type='image/png' size='9090'/>
            </attachments>
            <failure>
                <message>base is not defined</message>
                <stack-trace>ReferenceError: base is not defined
                    at Context.&lt;anonymous> (D:\WebdriverIO-Curso-Abstracta\tests\/opencart.test.js:9:8)
                    at Context.executeAsync (D:\WebdriverIO-Curso-Abstracta\node_modules\@wdio\utils\build\shim.js:333:27)
                    at Context.testFrameworkFnWrapper (D:\WebdriverIO-Curso-Abstracta\node_modules\@wdio\utils\build\test-framework\testFnWrapper.js:51:32)</stack-trace>
            </failure>
        </test-case>
        <test-case start='1671157644894' status='broken' stop='1671157644997'>
            <name>Debería buscar MacBook</name>
            <title>Debería buscar MacBook</title>
            <labels>
                <label name='language' value='javascript'/>
                <label name='framework' value='wdio'/>
                <label name='thread' value='0-1'/>
            </labels>
            <parameters>
                <parameter kind='argument' name='browser' value='chrome-108.0.5359.125'/>
            </parameters>
            <steps/>
            <attachments>
                <attachment title='Screenshot' source='01e2adb6-1106-4101-8548-9c4d1621d8f4-attachment.png' type='image/png' size='9090'/>
            </attachments>
            <failure>
                <message>base is not defined</message>
                <stack-trace>ReferenceError: base is not defined
                    at Context.&lt;anonymous> (D:\WebdriverIO-Curso-Abstracta\tests\/opencart.test.js:9:8)
                    at Context.executeAsync (D:\WebdriverIO-Curso-Abstracta\node_modules\@wdio\utils\build\shim.js:333:27)
                    at Context.testFrameworkFnWrapper (D:\WebdriverIO-Curso-Abstracta\node_modules\@wdio\utils\build\test-framework\testFnWrapper.js:51:32)</stack-trace>
            </failure>
        </test-case>
    </test-cases>
</ns2:test-suite>