<?xml version='1.0'?>
<ns2:test-suite xmlns:ns2='urn:model.allure.qatools.yandex.ru' start='1673137246688' stop='1673137250034'>
    <name>Menu</name>
    <title>Menu</title>
    <test-cases>
        <test-case start='1673137246689' status='failed' stop='1673137250032'>
            <name>Debería ingresar a Desktops/Mac y verificar que haya algún producto</name>
            <title>Debería ingresar a Desktops/Mac y verificar que haya algún producto</title>
            <labels>
                <label name='language' value='javascript'/>
                <label name='framework' value='wdio'/>
                <label name='thread' value='0-2'/>
            </labels>
            <parameters>
                <parameter kind='argument' name='browser' value='chrome-108.0.5359.125'/>
            </parameters>
            <steps>
                <step start='1673137246779' status='passed' stop='1673137246779'>
                    <name>Ingresa al sitio web</name>
                    <title>Ingresa al sitio web</title>
                    <attachments/>
                    <steps/>
                </step>
                <step start='1673137249079' status='passed' stop='1673137249079'>
                    <name>Abre el menu de Desktops</name>
                    <title>Abre el menu de Desktops</title>
                    <attachments/>
                    <steps/>
                </step>
                <step start='1673137249193' status='passed' stop='1673137249193'>
                    <name>Ingresa a mac</name>
                    <title>Ingresa a mac</title>
                    <attachments/>
                    <steps/>
                </step>
                <step start='1673137249748' status='passed' stop='1673137249748'>
                    <name>Verifica que haya algun producto</name>
                    <title>Verifica que haya algun producto</title>
                    <attachments/>
                    <steps/>
                </step>
            </steps>
            <attachments>
                <attachment title='Screenshot' source='9da4a2d0-0933-4dd2-ad69-0fcb4a68eb26-attachment.png' type='image/png' size='127743'/>
            </attachments>
            <failure>
                <message>expected {} to equal ''</message>
                <stack-trace>AssertionError: expected {} to equal ''
                    at Context.&lt;anonymous> (D:\WebdriverIO-Curso-Abstracta\tests\/menuMac.test.js:18:46)
                    at processTicksAndRejections (node:internal/process/task_queues:95:5)</stack-trace>
            </failure>
        </test-case>
    </test-cases>
</ns2:test-suite>