<?xml version='1.0'?>
<ns2:test-suite xmlns:ns2='urn:model.allure.qatools.yandex.ru' start='1671769143277' stop='1671769149700'>
    <name>Búsqueda de varios articulos: </name>
    <title>Búsqueda de varios articulos: </title>
    <test-cases>
        <test-case start='1671769143277' status='broken' stop='1671769147363'>
            <name>Debería buscar iPhone</name>
            <title>Debería buscar iPhone</title>
            <labels>
                <label name='language' value='javascript'/>
                <label name='framework' value='wdio'/>
                <label name='thread' value='0-1'/>
            </labels>
            <parameters>
                <parameter kind='argument' name='browser' value='chrome-108.0.5359.125'/>
            </parameters>
            <steps>
                <step start='1671769143427' status='passed' stop='1671769143427'>
                    <name>Abre la pagina</name>
                    <title>Abre la pagina</title>
                    <attachments/>
                    <steps/>
                </step>
                <step start='1671769146193' status='passed' stop='1671769146193'>
                    <name>Busca el articulo que le pasamos por parámetro</name>
                    <title>Busca el articulo que le pasamos por parámetro</title>
                    <attachments/>
                    <steps/>
                </step>
                <step start='1671769147150' status='passed' stop='1671769147151'>
                    <name>Se verifica si el articulo encontrado coincide con el que buscamos</name>
                    <title>Se verifica si el articulo encontrado coincide con el que buscamos</title>
                    <attachments/>
                    <steps/>
                </step>
            </steps>
            <attachments>
                <attachment title='Screenshot' source='77727789-b75f-4706-b7e2-9c99adf02f63-attachment.png' type='image/png' size='113783'/>
            </attachments>
            <failure>
                <message>_home.default.volverPaginaPrincipal is not a function</message>
                <stack-trace>TypeError: _home.default.volverPaginaPrincipal is not a function
                    at Context.&lt;anonymous> (D:\WebdriverIO-Curso-Abstracta\tests\/buscarVariosArticulos.test.js:13:22)
                    at processTicksAndRejections (node:internal/process/task_queues:95:5)</stack-trace>
            </failure>
        </test-case>
        <test-case start='1671769147363' status='broken' stop='1671769148425'>
            <name>Debería buscar Canon EOS 5D</name>
            <title>Debería buscar Canon EOS 5D</title>
            <labels>
                <label name='language' value='javascript'/>
                <label name='framework' value='wdio'/>
                <label name='thread' value='0-1'/>
            </labels>
            <parameters>
                <parameter kind='argument' name='browser' value='chrome-108.0.5359.125'/>
            </parameters>
            <steps>
                <step start='1671769147364' status='passed' stop='1671769147364'>
                    <name>Abre la pagina</name>
                    <title>Abre la pagina</title>
                    <attachments/>
                    <steps/>
                </step>
                <step start='1671769147623' status='passed' stop='1671769147623'>
                    <name>Busca el articulo que le pasamos por parámetro</name>
                    <title>Busca el articulo que le pasamos por parámetro</title>
                    <attachments/>
                    <steps/>
                </step>
                <step start='1671769148270' status='passed' stop='1671769148270'>
                    <name>Se verifica si el articulo encontrado coincide con el que buscamos</name>
                    <title>Se verifica si el articulo encontrado coincide con el que buscamos</title>
                    <attachments/>
                    <steps/>
                </step>
            </steps>
            <attachments>
                <attachment title='Screenshot' source='66b83374-9094-4512-bee5-da6332bb95c1-attachment.png' type='image/png' size='133833'/>
            </attachments>
            <failure>
                <message>_home.default.volverPaginaPrincipal is not a function</message>
                <stack-trace>TypeError: _home.default.volverPaginaPrincipal is not a function
                    at Context.&lt;anonymous> (D:\WebdriverIO-Curso-Abstracta\tests\/buscarVariosArticulos.test.js:13:22)
                    at processTicksAndRejections (node:internal/process/task_queues:95:5)</stack-trace>
            </failure>
        </test-case>
        <test-case start='1671769148426' status='broken' stop='1671769149699'>
            <name>Debería buscar MacBook</name>
            <title>Debería buscar MacBook</title>
            <labels>
                <label name='language' value='javascript'/>
                <label name='framework' value='wdio'/>
                <label name='thread' value='0-1'/>
            </labels>
            <parameters>
                <parameter kind='argument' name='browser' value='chrome-108.0.5359.125'/>
            </parameters>
            <steps>
                <step start='1671769148426' status='passed' stop='1671769148426'>
                    <name>Abre la pagina</name>
                    <title>Abre la pagina</title>
                    <attachments/>
                    <steps/>
                </step>
                <step start='1671769148889' status='passed' stop='1671769148889'>
                    <name>Busca el articulo que le pasamos por parámetro</name>
                    <title>Busca el articulo que le pasamos por parámetro</title>
                    <attachments/>
                    <steps/>
                </step>
                <step start='1671769149539' status='passed' stop='1671769149539'>
                    <name>Se verifica si el articulo encontrado coincide con el que buscamos</name>
                    <title>Se verifica si el articulo encontrado coincide con el que buscamos</title>
                    <attachments/>
                    <steps/>
                </step>
            </steps>
            <attachments>
                <attachment title='Screenshot' source='a33f565c-2837-40cc-99a7-dc3a30146abd-attachment.png' type='image/png' size='190483'/>
            </attachments>
            <failure>
                <message>_home.default.volverPaginaPrincipal is not a function</message>
                <stack-trace>TypeError: _home.default.volverPaginaPrincipal is not a function
                    at Context.&lt;anonymous> (D:\WebdriverIO-Curso-Abstracta\tests\/buscarVariosArticulos.test.js:13:22)
                    at processTicksAndRejections (node:internal/process/task_queues:95:5)</stack-trace>
            </failure>
        </test-case>
    </test-cases>
</ns2:test-suite>