<?xml version='1.0'?>
<ns2:test-suite xmlns:ns2='urn:model.allure.qatools.yandex.ru' start='1671157755384' stop='1671157755835'>
    <name>Búsqueda</name>
    <title>Búsqueda</title>
    <test-cases>
        <test-case start='1671157755385' status='broken' stop='1671157755599'>
            <name>Debería buscar iPhone</name>
            <title>Debería buscar iPhone</title>
            <labels>
                <label name='language' value='javascript'/>
                <label name='framework' value='wdio'/>
                <label name='thread' value='0-1'/>
            </labels>
            <parameters>
                <parameter kind='argument' name='browser' value='chrome-108.0.5359.125'/>
            </parameters>
            <steps/>
            <attachments>
                <attachment title='Screenshot' source='63b560ca-24e2-4ffb-8090-77dd2bb718fc-attachment.png' type='image/png' size='9090'/>
            </attachments>
            <failure>
                <message>basePage is not defined</message>
                <stack-trace>ReferenceError: basePage is not defined
                    at Context.&lt;anonymous> (D:\WebdriverIO-Curso-Abstracta\tests\/opencart.test.js:9:8)
                    at Context.executeAsync (D:\WebdriverIO-Curso-Abstracta\node_modules\@wdio\utils\build\shim.js:333:27)
                    at Context.testFrameworkFnWrapper (D:\WebdriverIO-Curso-Abstracta\node_modules\@wdio\utils\build\test-framework\testFnWrapper.js:51:32)</stack-trace>
            </failure>
        </test-case>
        <test-case start='1671157755600' status='broken' stop='1671157755714'>
            <name>Debería buscar Canon EOS 5D</name>
            <title>Debería buscar Canon EOS 5D</title>
            <labels>
                <label name='language' value='javascript'/>
                <label name='framework' value='wdio'/>
                <label name='thread' value='0-1'/>
            </labels>
            <parameters>
                <parameter kind='argument' name='browser' value='chrome-108.0.5359.125'/>
            </parameters>
            <steps/>
            <attachments>
                <attachment title='Screenshot' source='606a3601-553e-49f1-b0a5-ed31ec3de355-attachment.png' type='image/png' size='9090'/>
            </attachments>
            <failure>
                <message>basePage is not defined</message>
                <stack-trace>ReferenceError: basePage is not defined
                    at Context.&lt;anonymous> (D:\WebdriverIO-Curso-Abstracta\tests\/opencart.test.js:9:8)
                    at Context.executeAsync (D:\WebdriverIO-Curso-Abstracta\node_modules\@wdio\utils\build\shim.js:333:27)
                    at Context.testFrameworkFnWrapper (D:\WebdriverIO-Curso-Abstracta\node_modules\@wdio\utils\build\test-framework\testFnWrapper.js:51:32)</stack-trace>
            </failure>
        </test-case>
        <test-case start='1671157755714' status='broken' stop='1671157755834'>
            <name>Debería buscar MacBook</name>
            <title>Debería buscar MacBook</title>
            <labels>
                <label name='language' value='javascript'/>
                <label name='framework' value='wdio'/>
                <label name='thread' value='0-1'/>
            </labels>
            <parameters>
                <parameter kind='argument' name='browser' value='chrome-108.0.5359.125'/>
            </parameters>
            <steps/>
            <attachments>
                <attachment title='Screenshot' source='b28e9b4d-a5b7-49ef-a1fa-3d4f7055fc79-attachment.png' type='image/png' size='9090'/>
            </attachments>
            <failure>
                <message>basePage is not defined</message>
                <stack-trace>ReferenceError: basePage is not defined
                    at Context.&lt;anonymous> (D:\WebdriverIO-Curso-Abstracta\tests\/opencart.test.js:9:8)
                    at Context.executeAsync (D:\WebdriverIO-Curso-Abstracta\node_modules\@wdio\utils\build\shim.js:333:27)
                    at Context.testFrameworkFnWrapper (D:\WebdriverIO-Curso-Abstracta\node_modules\@wdio\utils\build\test-framework\testFnWrapper.js:51:32)</stack-trace>
            </failure>
        </test-case>
    </test-cases>
</ns2:test-suite>