<?xml version='1.0'?>
<ns2:test-suite xmlns:ns2='urn:model.allure.qatools.yandex.ru' start='1672858677472' stop='1672858682698'>
    <name>Carrito</name>
    <title>Carrito</title>
    <test-cases>
        <test-case start='1672858677473' status='failed' stop='1672858682697'>
            <name>Debería añadir el articulo al carro</name>
            <title>Debería añadir el articulo al carro</title>
            <labels>
                <label name='language' value='javascript'/>
                <label name='framework' value='wdio'/>
                <label name='thread' value='0-0'/>
            </labels>
            <parameters>
                <parameter kind='argument' name='browser' value='chrome-108.0.5359.125'/>
            </parameters>
            <steps>
                <step start='1672858677587' status='passed' stop='1672858677587'>
                    <name>Ingresa al sitio web</name>
                    <title>Ingresa al sitio web</title>
                    <attachments/>
                    <steps/>
                </step>
                <step start='1672858679781' status='passed' stop='1672858679781'>
                    <name>Busca iphone</name>
                    <title>Busca iphone</title>
                    <attachments/>
                    <steps/>
                </step>
                <step start='1672858680610' status='passed' stop='1672858680610'>
                    <name>Ingresa al resultado de la busqueda</name>
                    <title>Ingresa al resultado de la busqueda</title>
                    <attachments/>
                    <steps/>
                </step>
                <step start='1672858682436' status='passed' stop='1672858682436'>
                    <name>Ingresa el producto al carrito</name>
                    <title>Ingresa el producto al carrito</title>
                    <attachments/>
                    <steps/>
                </step>
            </steps>
            <attachments>
                <attachment title='Screenshot' source='00bceaf8-2941-4600-b21c-aef3dafcc995-attachment.png' type='image/png' size='176395'/>
            </attachments>
            <failure>
                <message>No se esta mostrando el cartel success: expected false to be true      
                      actual expected
                      
                      falsetrue
                      </message>
                <stack-trace>AssertionError: No se esta mostrando el cartel success: expected false to be true
                    at Context.&lt;anonymous> (D:\WebdriverIO-Curso-Abstracta\tests\/añadirAlCarro.test.js:18:102)
                    at processTicksAndRejections (node:internal/process/task_queues:95:5)</stack-trace>
            </failure>
        </test-case>
    </test-cases>
</ns2:test-suite>