<?xml version='1.0'?>
<ns2:test-suite xmlns:ns2='urn:model.allure.qatools.yandex.ru' start='1672278602119' stop='1672278609179'>
    <name>Color</name>
    <title>Color</title>
    <test-cases>
        <test-case start='1672278602119' status='failed' stop='1672278609178'>
            <name>Debería buscar apple cinema, ingresar al artículo y seleccionar un color</name>
            <title>Debería buscar apple cinema, ingresar al artículo y seleccionar un color</title>
            <labels>
                <label name='language' value='javascript'/>
                <label name='framework' value='wdio'/>
                <label name='thread' value='0-2'/>
            </labels>
            <parameters>
                <parameter kind='argument' name='browser' value='chrome-108.0.5359.125'/>
            </parameters>
            <steps>
                <step start='1672278602145' status='passed' stop='1672278602146'>
                    <name>Ingresa al sitio web</name>
                    <title>Ingresa al sitio web</title>
                    <attachments/>
                    <steps/>
                </step>
                <step start='1672278604045' status='passed' stop='1672278604045'>
                    <name>Hace scroll hasta que se vea el footer</name>
                    <title>Hace scroll hasta que se vea el footer</title>
                    <attachments/>
                    <steps/>
                </step>
                <step start='1672278604118' status='passed' stop='1672278604118'>
                    <name>Busca apple cinema</name>
                    <title>Busca apple cinema</title>
                    <attachments/>
                    <steps/>
                </step>
                <step start='1672278607351' status='passed' stop='1672278607351'>
                    <name>Selecciona el color dos de apple cinema</name>
                    <title>Selecciona el color dos de apple cinema</title>
                    <attachments/>
                    <steps/>
                </step>
                <step start='1672278607489' status='passed' stop='1672278607489'>
                    <name>Regresa al home</name>
                    <title>Regresa al home</title>
                    <attachments/>
                    <steps/>
                </step>
            </steps>
            <attachments>
                <attachment title='Screenshot' source='eecf28dc-62bb-4f12-a693-c89d2ea74d47-attachment.png' type='image/png' size='320085'/>
            </attachments>
            <failure>
                <message>No se está mostrando Fernando: expected false to be true      
                      actual expected
                      
                      falsetrue
                      </message>
                <stack-trace>AssertionError: No se está mostrando Fernando: expected false to be true
                    at Context.&lt;anonymous> (D:\WebdriverIO-Curso-Abstracta\tests\/seleccionarColor.test.js:20:94)
                    at processTicksAndRejections (node:internal/process/task_queues:95:5)</stack-trace>
            </failure>
        </test-case>
    </test-cases>
</ns2:test-suite>