<?xml version='1.0'?>
<ns2:test-suite xmlns:ns2='urn:model.allure.qatools.yandex.ru' start='1671155629100' stop='1671155632845'>
    <name>Búsqueda</name>
    <title>Búsqueda</title>
    <test-cases>
        <test-case start='1671155629101' status='broken' stop='1671155631830'>
            <name>Debería buscar iPhone</name>
            <title>Debería buscar iPhone</title>
            <labels>
                <label name='language' value='javascript'/>
                <label name='framework' value='wdio'/>
                <label name='thread' value='0-1'/>
            </labels>
            <parameters>
                <parameter kind='argument' name='browser' value='chrome-108.0.5359.125'/>
            </parameters>
            <steps/>
            <attachments>
                <attachment title='Screenshot' source='11a7c534-154c-419d-8f70-7d6d9c46646d-attachment.png' type='image/png' size='320487'/>
            </attachments>
            <failure>
                <message>_home.default.buscar is not a function</message>
                <stack-trace>TypeError: _home.default.buscar is not a function
                    at Context.&lt;anonymous> (D:\WebdriverIO-Curso-Abstracta\tests\/opencart.test.js:10:23)
                    at processTicksAndRejections (node:internal/process/task_queues:95:5)</stack-trace>
            </failure>
        </test-case>
        <test-case start='1671155631830' status='broken' stop='1671155632341'>
            <name>Debería buscar Canon EOS 5D</name>
            <title>Debería buscar Canon EOS 5D</title>
            <labels>
                <label name='language' value='javascript'/>
                <label name='framework' value='wdio'/>
                <label name='thread' value='0-1'/>
            </labels>
            <parameters>
                <parameter kind='argument' name='browser' value='chrome-108.0.5359.125'/>
            </parameters>
            <steps/>
            <attachments>
                <attachment title='Screenshot' source='170f252a-cc83-40c1-bde2-e05e70060691-attachment.png' type='image/png' size='320487'/>
            </attachments>
            <failure>
                <message>_home.default.buscar is not a function</message>
                <stack-trace>TypeError: _home.default.buscar is not a function
                    at Context.&lt;anonymous> (D:\WebdriverIO-Curso-Abstracta\tests\/opencart.test.js:10:23)
                    at processTicksAndRejections (node:internal/process/task_queues:95:5)</stack-trace>
            </failure>
        </test-case>
        <test-case start='1671155632342' status='broken' stop='1671155632845'>
            <name>Debería buscar MacBook</name>
            <title>Debería buscar MacBook</title>
            <labels>
                <label name='language' value='javascript'/>
                <label name='framework' value='wdio'/>
                <label name='thread' value='0-1'/>
            </labels>
            <parameters>
                <parameter kind='argument' name='browser' value='chrome-108.0.5359.125'/>
            </parameters>
            <steps/>
            <attachments>
                <attachment title='Screenshot' source='07bc833c-8b5c-4069-99ee-fab5405bc129-attachment.png' type='image/png' size='320487'/>
            </attachments>
            <failure>
                <message>_home.default.buscar is not a function</message>
                <stack-trace>TypeError: _home.default.buscar is not a function
                    at Context.&lt;anonymous> (D:\WebdriverIO-Curso-Abstracta\tests\/opencart.test.js:10:23)
                    at processTicksAndRejections (node:internal/process/task_queues:95:5)</stack-trace>
            </failure>
        </test-case>
    </test-cases>
</ns2:test-suite>