<?xml version='1.0'?>
<ns2:test-suite xmlns:ns2='urn:model.allure.qatools.yandex.ru' start='1671674857457' stop='1671674862799'>
    <name>Carrito</name>
    <title>Carrito</title>
    <test-cases>
        <test-case start='1671674857457' status='failed' stop='1671674862798'>
            <name>Debería añadir el articulo al carro</name>
            <title>Debería añadir el articulo al carro</title>
            <labels>
                <label name='language' value='javascript'/>
                <label name='framework' value='wdio'/>
                <label name='thread' value='0-0'/>
            </labels>
            <parameters>
                <parameter kind='argument' name='browser' value='chrome-108.0.5359.125'/>
            </parameters>
            <steps>
                <step start='1671674857560' status='passed' stop='1671674857560'>
                    <name>Ingresa al sitio web</name>
                    <title>Ingresa al sitio web</title>
                    <attachments/>
                    <steps/>
                </step>
                <step start='1671674859148' status='passed' stop='1671674859148'>
                    <name>Busca iphone</name>
                    <title>Busca iphone</title>
                    <attachments/>
                    <steps/>
                </step>
                <step start='1671674860031' status='passed' stop='1671674860031'>
                    <name>Ingresa al resultado de la busqueda</name>
                    <title>Ingresa al resultado de la busqueda</title>
                    <attachments/>
                    <steps/>
                </step>
                <step start='1671674861576' status='passed' stop='1671674861576'>
                    <name>Ingresa el producto al carrito</name>
                    <title>Ingresa el producto al carrito</title>
                    <attachments/>
                    <steps/>
                </step>
            </steps>
            <attachments>
                <attachment title='Screenshot' source='47f13491-fbfa-4026-98b4-5f536a24bf49-attachment.png' type='image/png' size='97542'/>
            </attachments>
            <failure>
                <message>expected null to equal '#content > form > div > table > tbody > tr > td:nth-child(2) > a'      
                      actual expected
                      
                      null'#content > form > div > table > tbody > tr > td:nth-child(2) > a'
                      </message>
                <stack-trace>AssertionError: expected null to equal '#content > form > div > table > tbody > tr > td:nth-child(2) > a'
                    at Context.&lt;anonymous> (D:\WebdriverIO-Curso-Abstracta\tests\/añadirAlCarro.test.js:18:67)
                    at processTicksAndRejections (node:internal/process/task_queues:95:5)</stack-trace>
            </failure>
        </test-case>
    </test-cases>
</ns2:test-suite>