<?xml version='1.0'?>
<ns2:test-suite xmlns:ns2='urn:model.allure.qatools.yandex.ru' start='1673136208394' stop='1673136211710'>
    <name>Menu</name>
    <title>Menu</title>
    <test-cases>
        <test-case start='1673136208394' status='failed' stop='1673136211709'>
            <name>Debería ingresar a Desktops/Mac y verificar que haya algún producto</name>
            <title>Debería ingresar a Desktops/Mac y verificar que haya algún producto</title>
            <labels>
                <label name='language' value='javascript'/>
                <label name='framework' value='wdio'/>
                <label name='thread' value='0-2'/>
            </labels>
            <parameters>
                <parameter kind='argument' name='browser' value='chrome-108.0.5359.125'/>
            </parameters>
            <steps>
                <step start='1673136208483' status='passed' stop='1673136208483'>
                    <name>Ingresa al sitio web</name>
                    <title>Ingresa al sitio web</title>
                    <attachments/>
                    <steps/>
                </step>
                <step start='1673136210834' status='passed' stop='1673136210834'>
                    <name>Abre el menu de Desktops</name>
                    <title>Abre el menu de Desktops</title>
                    <attachments/>
                    <steps/>
                </step>
                <step start='1673136210913' status='passed' stop='1673136210913'>
                    <name>Ingresa a mac</name>
                    <title>Ingresa a mac</title>
                    <attachments/>
                    <steps/>
                </step>
                <step start='1673136211459' status='passed' stop='1673136211459'>
                    <name>Verifica que haya algun producto</name>
                    <title>Verifica que haya algun producto</title>
                    <attachments/>
                    <steps/>
                </step>
            </steps>
            <attachments>
                <attachment title='Screenshot' source='89aabb85-1710-4c97-aa69-4ef2f6f92af9-attachment.png' type='image/png' size='127743'/>
            </attachments>
            <failure>
                <message>expected [Function: obtenerProductoTexto] to equal 'Mac'      
                      actual expected
                      
                      [Function: obtenerProductoTexto]'Mac'
                      </message>
                <stack-trace>AssertionError: expected [Function: obtenerProductoTexto] to equal 'Mac'
                    at Context.&lt;anonymous> (D:\WebdriverIO-Curso-Abstracta\tests\/menuMac.test.js:18:53)
                    at processTicksAndRejections (node:internal/process/task_queues:95:5)</stack-trace>
            </failure>
        </test-case>
    </test-cases>
</ns2:test-suite>